{"C:\\Users\\fusro\\OneDrive - EPHEC asbl\\Documents\\EPHEC\\BAC 2\\DEV 3\\Projet LAN\\web_frontend\\eslint.config.js": {"path":"C:\\Users\\fusro\\OneDrive - EPHEC asbl\\Documents\\EPHEC\\BAC 2\\DEV 3\\Projet LAN\\web_frontend\\eslint.config.js","all":true,"statementMap":{"0":{"start":{"line":1,"column":0},"end":{"line":1,"column":27}},"1":{"start":{"line":2,"column":0},"end":{"line":2,"column":29}},"2":{"start":{"line":3,"column":0},"end":{"line":3,"column":50}},"3":{"start":{"line":4,"column":0},"end":{"line":4,"column":54}},"4":{"start":{"line":5,"column":0},"end":{"line":5,"column":0}},"5":{"start":{"line":6,"column":0},"end":{"line":6,"column":16}},"6":{"start":{"line":7,"column":0},"end":{"line":7,"column":24}},"7":{"start":{"line":8,"column":0},"end":{"line":8,"column":3}},"8":{"start":{"line":9,"column":0},"end":{"line":9,"column":29}},"9":{"start":{"line":10,"column":0},"end":{"line":10,"column":22}},"10":{"start":{"line":11,"column":0},"end":{"line":11,"column":24}},"11":{"start":{"line":12,"column":0},"end":{"line":12,"column":31}},"12":{"start":{"line":13,"column":0},"end":{"line":13,"column":22}},"13":{"start":{"line":14,"column":0},"end":{"line":14,"column":30}},"14":{"start":{"line":15,"column":0},"end":{"line":15,"column":36}},"15":{"start":{"line":16,"column":0},"end":{"line":16,"column":29}},"16":{"start":{"line":17,"column":0},"end":{"line":17,"column":8}},"17":{"start":{"line":18,"column":0},"end":{"line":18,"column":6}},"18":{"start":{"line":19,"column":0},"end":{"line":19,"column":14}},"19":{"start":{"line":20,"column":0},"end":{"line":20,"column":32}},"20":{"start":{"line":21,"column":0},"end":{"line":21,"column":36}},"21":{"start":{"line":22,"column":0},"end":{"line":22,"column":6}},"22":{"start":{"line":23,"column":0},"end":{"line":23,"column":12}},"23":{"start":{"line":24,"column":0},"end":{"line":24,"column":38}},"24":{"start":{"line":25,"column":0},"end":{"line":25,"column":46}},"25":{"start":{"line":26,"column":0},"end":{"line":26,"column":68}},"26":{"start":{"line":27,"column":0},"end":{"line":27,"column":47}},"27":{"start":{"line":28,"column":0},"end":{"line":28,"column":15}},"28":{"start":{"line":29,"column":0},"end":{"line":29,"column":38}},"29":{"start":{"line":30,"column":0},"end":{"line":30,"column":8}},"30":{"start":{"line":31,"column":0},"end":{"line":31,"column":6}},"31":{"start":{"line":32,"column":0},"end":{"line":32,"column":4}},"32":{"start":{"line":33,"column":0},"end":{"line":33,"column":1}}},"s":{"0":0,"1":0,"2":0,"3":0,"4":0,"5":0,"6":0,"7":0,"8":0,"9":0,"10":0,"11":0,"12":0,"13":0,"14":0,"15":0,"16":0,"17":0,"18":0,"19":0,"20":0,"21":0,"22":0,"23":0,"24":0,"25":0,"26":0,"27":0,"28":0,"29":0,"30":0,"31":0,"32":0},"branchMap":{"0":{"type":"branch","line":1,"loc":{"start":{"line":1,"column":0},"end":{"line":33,"column":1}},"locations":[{"start":{"line":1,"column":0},"end":{"line":33,"column":1}}]}},"b":{"0":[0]},"fnMap":{"0":{"name":"(empty-report)","decl":{"start":{"line":1,"column":0},"end":{"line":33,"column":1}},"loc":{"start":{"line":1,"column":0},"end":{"line":33,"column":1}},"line":1}},"f":{"0":0}}
,"C:\\Users\\fusro\\OneDrive - EPHEC asbl\\Documents\\EPHEC\\BAC 2\\DEV 3\\Projet LAN\\web_frontend\\vite.config.js": {"path":"C:\\Users\\fusro\\OneDrive - EPHEC asbl\\Documents\\EPHEC\\BAC 2\\DEV 3\\Projet LAN\\web_frontend\\vite.config.js","all":true,"statementMap":{"0":{"start":{"line":1,"column":0},"end":{"line":1,"column":35}},"1":{"start":{"line":2,"column":0},"end":{"line":2,"column":40}},"2":{"start":{"line":3,"column":0},"end":{"line":3,"column":44}},"3":{"start":{"line":4,"column":0},"end":{"line":4,"column":0}},"4":{"start":{"line":5,"column":0},"end":{"line":5,"column":27}},"5":{"start":{"line":6,"column":0},"end":{"line":6,"column":29}},"6":{"start":{"line":7,"column":0},"end":{"line":7,"column":12}},"7":{"start":{"line":8,"column":0},"end":{"line":8,"column":12}},"8":{"start":{"line":9,"column":0},"end":{"line":9,"column":18}},"9":{"start":{"line":10,"column":0},"end":{"line":10,"column":4}},"10":{"start":{"line":11,"column":0},"end":{"line":11,"column":2}}},"s":{"0":0,"1":0,"2":0,"3":0,"4":0,"5":0,"6":0,"7":0,"8":0,"9":0,"10":0},"branchMap":{"0":{"type":"branch","line":1,"loc":{"start":{"line":1,"column":0},"end":{"line":11,"column":2}},"locations":[{"start":{"line":1,"column":0},"end":{"line":11,"column":2}}]}},"b":{"0":[0]},"fnMap":{"0":{"name":"(empty-report)","decl":{"start":{"line":1,"column":0},"end":{"line":11,"column":2}},"loc":{"start":{"line":1,"column":0},"end":{"line":11,"column":2}},"line":1}},"f":{"0":0}}
,"C:\\Users\\fusro\\OneDrive - EPHEC asbl\\Documents\\EPHEC\\BAC 2\\DEV 3\\Projet LAN\\web_frontend\\vitest.config.js": {"path":"C:\\Users\\fusro\\OneDrive - EPHEC asbl\\Documents\\EPHEC\\BAC 2\\DEV 3\\Projet LAN\\web_frontend\\vitest.config.js","all":true,"statementMap":{"0":{"start":{"line":1,"column":0},"end":{"line":1,"column":44}},"1":{"start":{"line":2,"column":0},"end":{"line":2,"column":0}},"2":{"start":{"line":3,"column":0},"end":{"line":3,"column":29}},"3":{"start":{"line":4,"column":0},"end":{"line":4,"column":9}},"4":{"start":{"line":5,"column":0},"end":{"line":5,"column":18}},"5":{"start":{"line":6,"column":0},"end":{"line":6,"column":25}},"6":{"start":{"line":7,"column":0},"end":{"line":7,"column":15}},"7":{"start":{"line":8,"column":0},"end":{"line":8,"column":21}},"8":{"start":{"line":9,"column":0},"end":{"line":9,"column":85}},"9":{"start":{"line":10,"column":0},"end":{"line":10,"column":37}},"10":{"start":{"line":11,"column":0},"end":{"line":11,"column":72}},"11":{"start":{"line":12,"column":0},"end":{"line":12,"column":6}},"12":{"start":{"line":13,"column":0},"end":{"line":13,"column":4}},"13":{"start":{"line":14,"column":0},"end":{"line":14,"column":2}}},"s":{"0":0,"1":0,"2":0,"3":0,"4":0,"5":0,"6":0,"7":0,"8":0,"9":0,"10":0,"11":0,"12":0,"13":0},"branchMap":{"0":{"type":"branch","line":1,"loc":{"start":{"line":1,"column":0},"end":{"line":14,"column":2}},"locations":[{"start":{"line":1,"column":0},"end":{"line":14,"column":2}}]}},"b":{"0":[0]},"fnMap":{"0":{"name":"(empty-report)","decl":{"start":{"line":1,"column":0},"end":{"line":14,"column":2}},"loc":{"start":{"line":1,"column":0},"end":{"line":14,"column":2}},"line":1}},"f":{"0":0}}
,"C:\\Users\\fusro\\OneDrive - EPHEC asbl\\Documents\\EPHEC\\BAC 2\\DEV 3\\Projet LAN\\web_frontend\\src\\App.jsx": {"path":"C:\\Users\\fusro\\OneDrive - EPHEC asbl\\Documents\\EPHEC\\BAC 2\\DEV 3\\Projet LAN\\web_frontend\\src\\App.jsx","all":true,"statementMap":{"0":{"start":{"line":1,"column":0},"end":{"line":1,"column":10}},"1":{"start":{"line":2,"column":0},"end":{"line":2,"column":0}},"2":{"start":{"line":3,"column":0},"end":{"line":3,"column":58}},"3":{"start":{"line":4,"column":0},"end":{"line":4,"column":41}},"4":{"start":{"line":5,"column":0},"end":{"line":5,"column":41}},"5":{"start":{"line":6,"column":0},"end":{"line":6,"column":0}},"6":{"start":{"line":7,"column":0},"end":{"line":7,"column":30}},"7":{"start":{"line":8,"column":0},"end":{"line":8,"column":49}},"8":{"start":{"line":9,"column":0},"end":{"line":9,"column":0}},"9":{"start":{"line":10,"column":0},"end":{"line":10,"column":21}},"10":{"start":{"line":11,"column":0},"end":{"line":11,"column":58}},"11":{"start":{"line":12,"column":0},"end":{"line":12,"column":60}},"12":{"start":{"line":13,"column":0},"end":{"line":13,"column":0}},"13":{"start":{"line":14,"column":0},"end":{"line":14,"column":0}},"14":{"start":{"line":15,"column":0},"end":{"line":15,"column":26}},"15":{"start":{"line":16,"column":0},"end":{"line":16,"column":47}},"16":{"start":{"line":17,"column":0},"end":{"line":17,"column":45}},"17":{"start":{"line":18,"column":0},"end":{"line":18,"column":69}},"18":{"start":{"line":19,"column":0},"end":{"line":19,"column":49}},"19":{"start":{"line":20,"column":0},"end":{"line":20,"column":58}},"20":{"start":{"line":21,"column":0},"end":{"line":21,"column":63}},"21":{"start":{"line":22,"column":0},"end":{"line":22,"column":61}},"22":{"start":{"line":23,"column":0},"end":{"line":23,"column":0}},"23":{"start":{"line":24,"column":0},"end":{"line":24,"column":18}},"24":{"start":{"line":25,"column":0},"end":{"line":25,"column":36}},"25":{"start":{"line":26,"column":0},"end":{"line":26,"column":0}},"26":{"start":{"line":27,"column":0},"end":{"line":27,"column":39}},"27":{"start":{"line":28,"column":0},"end":{"line":28,"column":39}},"28":{"start":{"line":29,"column":0},"end":{"line":29,"column":0}},"29":{"start":{"line":30,"column":0},"end":{"line":30,"column":19}},"30":{"start":{"line":31,"column":0},"end":{"line":31,"column":48}},"31":{"start":{"line":32,"column":0},"end":{"line":32,"column":0}},"32":{"start":{"line":33,"column":0},"end":{"line":33,"column":56}},"33":{"start":{"line":34,"column":0},"end":{"line":34,"column":42}},"34":{"start":{"line":35,"column":0},"end":{"line":35,"column":50}},"35":{"start":{"line":36,"column":0},"end":{"line":36,"column":0}},"36":{"start":{"line":37,"column":0},"end":{"line":37,"column":24}},"37":{"start":{"line":38,"column":0},"end":{"line":38,"column":42}},"38":{"start":{"line":39,"column":0},"end":{"line":39,"column":2}},"39":{"start":{"line":40,"column":0},"end":{"line":40,"column":0}},"40":{"start":{"line":41,"column":0},"end":{"line":41,"column":24}},"41":{"start":{"line":42,"column":0},"end":{"line":42,"column":48}},"42":{"start":{"line":43,"column":0},"end":{"line":43,"column":2}},"43":{"start":{"line":44,"column":0},"end":{"line":44,"column":0}},"44":{"start":{"line":45,"column":0},"end":{"line":45,"column":17}},"45":{"start":{"line":46,"column":0},"end":{"line":46,"column":2}},"46":{"start":{"line":47,"column":0},"end":{"line":47,"column":0}},"47":{"start":{"line":48,"column":0},"end":{"line":48,"column":43}},"48":{"start":{"line":49,"column":0},"end":{"line":49,"column":53}},"49":{"start":{"line":50,"column":0},"end":{"line":50,"column":50}},"50":{"start":{"line":51,"column":0},"end":{"line":51,"column":0}},"51":{"start":{"line":52,"column":0},"end":{"line":52,"column":50}},"52":{"start":{"line":53,"column":0},"end":{"line":53,"column":37}},"53":{"start":{"line":54,"column":0},"end":{"line":54,"column":2}},"54":{"start":{"line":55,"column":0},"end":{"line":55,"column":0}},"55":{"start":{"line":56,"column":0},"end":{"line":56,"column":17}},"56":{"start":{"line":57,"column":0},"end":{"line":57,"column":2}},"57":{"start":{"line":58,"column":0},"end":{"line":58,"column":0}},"58":{"start":{"line":59,"column":0},"end":{"line":59,"column":16}},"59":{"start":{"line":60,"column":0},"end":{"line":60,"column":54}},"60":{"start":{"line":61,"column":0},"end":{"line":61,"column":0}},"61":{"start":{"line":62,"column":0},"end":{"line":62,"column":18}},"62":{"start":{"line":63,"column":0},"end":{"line":63,"column":14}},"63":{"start":{"line":64,"column":0},"end":{"line":64,"column":17}},"64":{"start":{"line":65,"column":0},"end":{"line":65,"column":0}},"65":{"start":{"line":66,"column":0},"end":{"line":66,"column":48}},"66":{"start":{"line":67,"column":0},"end":{"line":67,"column":0}},"67":{"start":{"line":68,"column":0},"end":{"line":68,"column":0}},"68":{"start":{"line":69,"column":0},"end":{"line":69,"column":0}},"69":{"start":{"line":70,"column":0},"end":{"line":70,"column":9}},"70":{"start":{"line":71,"column":0},"end":{"line":71,"column":46}},"71":{"start":{"line":72,"column":0},"end":{"line":72,"column":13}},"72":{"start":{"line":73,"column":0},"end":{"line":73,"column":0}},"73":{"start":{"line":74,"column":0},"end":{"line":74,"column":49}},"74":{"start":{"line":75,"column":0},"end":{"line":75,"column":119}},"75":{"start":{"line":76,"column":0},"end":{"line":76,"column":31}},"76":{"start":{"line":77,"column":0},"end":{"line":77,"column":89}},"77":{"start":{"line":78,"column":0},"end":{"line":78,"column":89}},"78":{"start":{"line":79,"column":0},"end":{"line":79,"column":92}},"79":{"start":{"line":80,"column":0},"end":{"line":80,"column":0}},"80":{"start":{"line":81,"column":0},"end":{"line":81,"column":29}},"81":{"start":{"line":82,"column":0},"end":{"line":82,"column":80}},"82":{"start":{"line":83,"column":0},"end":{"line":83,"column":13}},"83":{"start":{"line":84,"column":0},"end":{"line":84,"column":43}},"84":{"start":{"line":85,"column":0},"end":{"line":85,"column":90}},"85":{"start":{"line":86,"column":0},"end":{"line":86,"column":110}},"86":{"start":{"line":87,"column":0},"end":{"line":87,"column":108}},"87":{"start":{"line":88,"column":0},"end":{"line":88,"column":71}},"88":{"start":{"line":89,"column":0},"end":{"line":89,"column":71}},"89":{"start":{"line":90,"column":0},"end":{"line":90,"column":69}},"90":{"start":{"line":91,"column":0},"end":{"line":91,"column":98}},"91":{"start":{"line":92,"column":0},"end":{"line":92,"column":65}},"92":{"start":{"line":93,"column":0},"end":{"line":93,"column":14}},"93":{"start":{"line":94,"column":0},"end":{"line":94,"column":10}},"94":{"start":{"line":95,"column":0},"end":{"line":95,"column":9}},"95":{"start":{"line":96,"column":0},"end":{"line":96,"column":0}},"96":{"start":{"line":97,"column":0},"end":{"line":97,"column":11}},"97":{"start":{"line":98,"column":0},"end":{"line":98,"column":27}},"98":{"start":{"line":99,"column":0},"end":{"line":99,"column":24}},"99":{"start":{"line":100,"column":0},"end":{"line":100,"column":5}},"100":{"start":{"line":101,"column":0},"end":{"line":101,"column":8}},"101":{"start":{"line":102,"column":0},"end":{"line":102,"column":3}},"102":{"start":{"line":103,"column":0},"end":{"line":103,"column":1}},"103":{"start":{"line":104,"column":0},"end":{"line":104,"column":0}},"104":{"start":{"line":105,"column":0},"end":{"line":105,"column":19}}},"s":{"0":0,"1":0,"2":0,"3":0,"4":0,"5":0,"6":0,"7":0,"8":0,"9":0,"10":0,"11":0,"12":0,"13":0,"14":0,"15":0,"16":0,"17":0,"18":0,"19":0,"20":0,"21":0,"22":0,"23":0,"24":0,"25":0,"26":0,"27":0,"28":0,"29":0,"30":0,"31":0,"32":0,"33":0,"34":0,"35":0,"36":0,"37":0,"38":0,"39":0,"40":0,"41":0,"42":0,"43":0,"44":0,"45":0,"46":0,"47":0,"48":0,"49":0,"50":0,"51":0,"52":0,"53":0,"54":0,"55":0,"56":0,"57":0,"58":0,"59":0,"60":0,"61":0,"62":0,"63":0,"64":0,"65":0,"66":0,"67":0,"68":0,"69":0,"70":0,"71":0,"72":0,"73":0,"74":0,"75":0,"76":0,"77":0,"78":0,"79":0,"80":0,"81":0,"82":0,"83":0,"84":0,"85":0,"86":0,"87":0,"88":0,"89":0,"90":0,"91":0,"92":0,"93":0,"94":0,"95":0,"96":0,"97":0,"98":0,"99":0,"100":0,"101":0,"102":0,"103":0,"104":0},"branchMap":{"0":{"type":"branch","line":1,"loc":{"start":{"line":1,"column":0},"end":{"line":105,"column":19}},"locations":[{"start":{"line":1,"column":0},"end":{"line":105,"column":19}}]}},"b":{"0":[0]},"fnMap":{"0":{"name":"(empty-report)","decl":{"start":{"line":1,"column":0},"end":{"line":105,"column":19}},"loc":{"start":{"line":1,"column":0},"end":{"line":105,"column":19}},"line":1}},"f":{"0":0}}
,"C:\\Users\\fusro\\OneDrive - EPHEC asbl\\Documents\\EPHEC\\BAC 2\\DEV 3\\Projet LAN\\web_frontend\\src\\main.jsx": {"path":"C:\\Users\\fusro\\OneDrive - EPHEC asbl\\Documents\\EPHEC\\BAC 2\\DEV 3\\Projet LAN\\web_frontend\\src\\main.jsx","all":true,"statementMap":{"0":{"start":{"line":1,"column":0},"end":{"line":1,"column":34}},"1":{"start":{"line":2,"column":0},"end":{"line":2,"column":45}},"2":{"start":{"line":3,"column":0},"end":{"line":3,"column":20}},"3":{"start":{"line":4,"column":0},"end":{"line":4,"column":27}},"4":{"start":{"line":5,"column":0},"end":{"line":5,"column":48}},"5":{"start":{"line":6,"column":0},"end":{"line":6,"column":0}},"6":{"start":{"line":7,"column":0},"end":{"line":7,"column":51}},"7":{"start":{"line":8,"column":0},"end":{"line":8,"column":14}},"8":{"start":{"line":9,"column":0},"end":{"line":9,"column":19}},"9":{"start":{"line":10,"column":0},"end":{"line":10,"column":13}},"10":{"start":{"line":11,"column":0},"end":{"line":11,"column":20}},"11":{"start":{"line":12,"column":0},"end":{"line":12,"column":16}},"12":{"start":{"line":13,"column":0},"end":{"line":13,"column":1}}},"s":{"0":0,"1":0,"2":0,"3":0,"4":0,"5":0,"6":0,"7":0,"8":0,"9":0,"10":0,"11":0,"12":0},"branchMap":{"0":{"type":"branch","line":1,"loc":{"start":{"line":1,"column":0},"end":{"line":13,"column":1}},"locations":[{"start":{"line":1,"column":0},"end":{"line":13,"column":1}}]}},"b":{"0":[0]},"fnMap":{"0":{"name":"(empty-report)","decl":{"start":{"line":1,"column":0},"end":{"line":13,"column":1}},"loc":{"start":{"line":1,"column":0},"end":{"line":13,"column":1}},"line":1}},"f":{"0":0}}
,"C:\\Users\\fusro\\OneDrive - EPHEC asbl\\Documents\\EPHEC\\BAC 2\\DEV 3\\Projet LAN\\web_frontend\\src\\components\\CustomSelect.jsx": {"path":"C:\\Users\\fusro\\OneDrive - EPHEC asbl\\Documents\\EPHEC\\BAC 2\\DEV 3\\Projet LAN\\web_frontend\\src\\components\\CustomSelect.jsx","all":false,"statementMap":{"0":{"start":{"line":1,"column":0},"end":{"line":1,"column":40}},"1":{"start":{"line":2,"column":0},"end":{"line":2,"column":43}},"3":{"start":{"line":4,"column":0},"end":{"line":4,"column":108}},"4":{"start":{"line":5,"column":0},"end":{"line":5,"column":41}},"6":{"start":{"line":7,"column":0},"end":{"line":7,"column":35}},"7":{"start":{"line":8,"column":0},"end":{"line":8,"column":19}},"8":{"start":{"line":9,"column":0},"end":{"line":9,"column":17}},"9":{"start":{"line":10,"column":0},"end":{"line":10,"column":3}},"11":{"start":{"line":12,"column":0},"end":{"line":12,"column":9}},"12":{"start":{"line":13,"column":0},"end":{"line":13,"column":33}},"13":{"start":{"line":14,"column":0},"end":{"line":14,"column":7}},"14":{"start":{"line":15,"column":0},"end":{"line":15,"column":218}},"15":{"start":{"line":16,"column":0},"end":{"line":16,"column":34}},"17":{"start":{"line":18,"column":0},"end":{"line":18,"column":33}},"18":{"start":{"line":19,"column":0},"end":{"line":19,"column":53}},"19":{"start":{"line":20,"column":0},"end":{"line":20,"column":9}},"20":{"start":{"line":21,"column":0},"end":{"line":21,"column":89}},"21":{"start":{"line":22,"column":0},"end":{"line":22,"column":45}},"22":{"start":{"line":23,"column":0},"end":{"line":23,"column":9}},"23":{"start":{"line":24,"column":0},"end":{"line":24,"column":13}},"24":{"start":{"line":25,"column":0},"end":{"line":25,"column":195}},"25":{"start":{"line":26,"column":0},"end":{"line":26,"column":31}},"26":{"start":{"line":27,"column":0},"end":{"line":27,"column":9}},"27":{"start":{"line":28,"column":0},"end":{"line":28,"column":25}},"28":{"start":{"line":29,"column":0},"end":{"line":29,"column":72}},"29":{"start":{"line":30,"column":0},"end":{"line":30,"column":43}},"31":{"start":{"line":32,"column":0},"end":{"line":32,"column":21}},"32":{"start":{"line":33,"column":0},"end":{"line":33,"column":11}},"33":{"start":{"line":34,"column":0},"end":{"line":34,"column":8}},"34":{"start":{"line":35,"column":0},"end":{"line":35,"column":9}},"36":{"start":{"line":37,"column":0},"end":{"line":37,"column":8}},"38":{"start":{"line":39,"column":0},"end":{"line":39,"column":2}},"40":{"start":{"line":41,"column":0},"end":{"line":41,"column":22}}},"s":{"0":1,"1":1,"3":1,"4":346,"6":346,"7":32,"8":32,"9":32,"11":346,"12":346,"13":346,"14":346,"15":346,"17":346,"18":346,"19":346,"20":346,"21":346,"22":346,"23":346,"24":32,"25":32,"26":400,"27":400,"28":400,"29":400,"31":400,"32":400,"33":32,"34":32,"36":346,"38":346,"40":1},"branchMap":{"0":{"type":"branch","line":4,"loc":{"start":{"line":4,"column":15},"end":{"line":39,"column":2}},"locations":[{"start":{"line":4,"column":15},"end":{"line":39,"column":2}}]},"1":{"type":"branch","line":18,"loc":{"start":{"line":18,"column":5},"end":{"line":18,"column":21}},"locations":[{"start":{"line":18,"column":5},"end":{"line":18,"column":21}}]},"2":{"type":"branch","line":18,"loc":{"start":{"line":18,"column":12},"end":{"line":18,"column":33}},"locations":[{"start":{"line":18,"column":12},"end":{"line":18,"column":33}}]},"3":{"type":"branch","line":24,"loc":{"start":{"line":24,"column":4},"end":{"line":35,"column":9}},"locations":[{"start":{"line":24,"column":4},"end":{"line":35,"column":9}}]},"4":{"type":"branch","line":7,"loc":{"start":{"line":7,"column":22},"end":{"line":10,"column":3}},"locations":[{"start":{"line":7,"column":22},"end":{"line":10,"column":3}}]},"5":{"type":"branch","line":16,"loc":{"start":{"line":16,"column":13},"end":{"line":16,"column":34}},"locations":[{"start":{"line":16,"column":13},"end":{"line":16,"column":34}}]},"6":{"type":"branch","line":26,"loc":{"start":{"line":26,"column":18},"end":{"line":33,"column":11}},"locations":[{"start":{"line":26,"column":18},"end":{"line":33,"column":11}}]},"7":{"type":"branch","line":30,"loc":{"start":{"line":30,"column":16},"end":{"line":30,"column":43}},"locations":[{"start":{"line":30,"column":16},"end":{"line":30,"column":43}}]}},"b":{"0":[346],"1":[81],"2":[265],"3":[32],"4":[32],"5":[32],"6":[400],"7":[32]},"fnMap":{"0":{"name":"Select","decl":{"start":{"line":4,"column":15},"end":{"line":39,"column":2}},"loc":{"start":{"line":4,"column":15},"end":{"line":39,"column":2}},"line":4},"1":{"name":"handleSelect","decl":{"start":{"line":7,"column":22},"end":{"line":10,"column":3}},"loc":{"start":{"line":7,"column":22},"end":{"line":10,"column":3}},"line":7},"2":{"name":"onClick","decl":{"start":{"line":16,"column":13},"end":{"line":16,"column":34}},"loc":{"start":{"line":16,"column":13},"end":{"line":16,"column":34}},"line":16},"3":{"name":"onClick","decl":{"start":{"line":30,"column":16},"end":{"line":30,"column":43}},"loc":{"start":{"line":30,"column":16},"end":{"line":30,"column":43}},"line":30}},"f":{"0":346,"1":32,"2":32,"3":32}}
,"C:\\Users\\fusro\\OneDrive - EPHEC asbl\\Documents\\EPHEC\\BAC 2\\DEV 3\\Projet LAN\\web_frontend\\src\\components\\EditableField.jsx": {"path":"C:\\Users\\fusro\\OneDrive - EPHEC asbl\\Documents\\EPHEC\\BAC 2\\DEV 3\\Projet LAN\\web_frontend\\src\\components\\EditableField.jsx","all":false,"statementMap":{"0":{"start":{"line":1,"column":0},"end":{"line":1,"column":51}},"1":{"start":{"line":2,"column":0},"end":{"line":2,"column":50}},"5":{"start":{"line":6,"column":0},"end":{"line":6,"column":116}},"6":{"start":{"line":7,"column":0},"end":{"line":7,"column":52}},"7":{"start":{"line":8,"column":0},"end":{"line":8,"column":52}},"10":{"start":{"line":11,"column":0},"end":{"line":11,"column":19}},"11":{"start":{"line":12,"column":0},"end":{"line":12,"column":24}},"12":{"start":{"line":13,"column":0},"end":{"line":13,"column":14}},"14":{"start":{"line":15,"column":0},"end":{"line":15,"column":31}},"15":{"start":{"line":16,"column":0},"end":{"line":16,"column":47}},"16":{"start":{"line":17,"column":0},"end":{"line":17,"column":24}},"17":{"start":{"line":18,"column":0},"end":{"line":18,"column":4}},"19":{"start":{"line":20,"column":0},"end":{"line":20,"column":30}},"20":{"start":{"line":21,"column":0},"end":{"line":21,"column":24}},"21":{"start":{"line":22,"column":0},"end":{"line":22,"column":24}},"22":{"start":{"line":23,"column":0},"end":{"line":23,"column":4}},"24":{"start":{"line":25,"column":0},"end":{"line":25,"column":45}},"26":{"start":{"line":27,"column":0},"end":{"line":27,"column":144}},"27":{"start":{"line":28,"column":0},"end":{"line":28,"column":62}},"28":{"start":{"line":29,"column":0},"end":{"line":29,"column":5}},"30":{"start":{"line":31,"column":0},"end":{"line":31,"column":10}},"31":{"start":{"line":32,"column":0},"end":{"line":32,"column":51}},"32":{"start":{"line":33,"column":0},"end":{"line":33,"column":88}},"33":{"start":{"line":34,"column":0},"end":{"line":34,"column":59}},"34":{"start":{"line":35,"column":0},"end":{"line":35,"column":15}},"35":{"start":{"line":36,"column":0},"end":{"line":36,"column":14}},"36":{"start":{"line":37,"column":0},"end":{"line":37,"column":41}},"37":{"start":{"line":38,"column":0},"end":{"line":38,"column":31}},"38":{"start":{"line":39,"column":0},"end":{"line":39,"column":17}},"39":{"start":{"line":40,"column":0},"end":{"line":40,"column":25}},"40":{"start":{"line":41,"column":0},"end":{"line":41,"column":23}},"41":{"start":{"line":42,"column":0},"end":{"line":42,"column":21}},"42":{"start":{"line":43,"column":0},"end":{"line":43,"column":33}},"43":{"start":{"line":44,"column":0},"end":{"line":44,"column":29}},"44":{"start":{"line":45,"column":0},"end":{"line":45,"column":90}},"45":{"start":{"line":46,"column":0},"end":{"line":46,"column":39}},"47":{"start":{"line":48,"column":0},"end":{"line":48,"column":38}},"48":{"start":{"line":49,"column":0},"end":{"line":49,"column":62}},"49":{"start":{"line":50,"column":0},"end":{"line":50,"column":30}},"50":{"start":{"line":51,"column":0},"end":{"line":51,"column":23}},"51":{"start":{"line":52,"column":0},"end":{"line":52,"column":15}},"52":{"start":{"line":53,"column":0},"end":{"line":53,"column":19}},"54":{"start":{"line":55,"column":0},"end":{"line":55,"column":16}},"55":{"start":{"line":56,"column":0},"end":{"line":56,"column":25}},"56":{"start":{"line":57,"column":0},"end":{"line":57,"column":21}},"57":{"start":{"line":58,"column":0},"end":{"line":58,"column":23}},"58":{"start":{"line":59,"column":0},"end":{"line":59,"column":23}},"59":{"start":{"line":60,"column":0},"end":{"line":60,"column":29}},"60":{"start":{"line":61,"column":0},"end":{"line":61,"column":33}},"61":{"start":{"line":62,"column":0},"end":{"line":62,"column":90}},"62":{"start":{"line":63,"column":0},"end":{"line":63,"column":39}},"63":{"start":{"line":64,"column":0},"end":{"line":64,"column":12}},"65":{"start":{"line":66,"column":0},"end":{"line":66,"column":48}},"66":{"start":{"line":67,"column":0},"end":{"line":67,"column":24}},"67":{"start":{"line":68,"column":0},"end":{"line":68,"column":14}},"68":{"start":{"line":69,"column":0},"end":{"line":69,"column":108}},"69":{"start":{"line":70,"column":0},"end":{"line":70,"column":25}},"70":{"start":{"line":71,"column":0},"end":{"line":71,"column":23}},"71":{"start":{"line":72,"column":0},"end":{"line":72,"column":108}},"72":{"start":{"line":73,"column":0},"end":{"line":73,"column":23}},"73":{"start":{"line":74,"column":0},"end":{"line":74,"column":23}},"74":{"start":{"line":75,"column":0},"end":{"line":75,"column":15}},"76":{"start":{"line":77,"column":0},"end":{"line":77,"column":115}},"77":{"start":{"line":78,"column":0},"end":{"line":78,"column":24}},"78":{"start":{"line":79,"column":0},"end":{"line":79,"column":21}},"80":{"start":{"line":81,"column":0},"end":{"line":81,"column":14}},"81":{"start":{"line":82,"column":0},"end":{"line":82,"column":12}},"82":{"start":{"line":83,"column":0},"end":{"line":83,"column":10}},"84":{"start":{"line":85,"column":0},"end":{"line":85,"column":2}},"86":{"start":{"line":87,"column":0},"end":{"line":87,"column":29}}},"s":{"0":1,"1":1,"5":1,"6":2187,"7":2187,"10":2187,"11":910,"12":2187,"14":2187,"15":64,"16":64,"17":64,"19":2187,"20":1,"21":1,"22":1,"24":2187,"26":2187,"27":2187,"28":2187,"30":2187,"31":2187,"32":2187,"33":2187,"34":2187,"35":2187,"36":2187,"37":2187,"38":803,"39":803,"40":803,"41":803,"42":803,"43":803,"44":803,"45":803,"47":803,"48":11212,"49":11212,"50":11212,"51":803,"52":803,"54":1384,"55":1384,"56":1384,"57":1384,"58":1384,"59":1384,"60":1384,"61":1384,"62":1384,"63":1384,"65":2187,"66":2187,"67":127,"68":127,"69":127,"70":127,"71":127,"72":127,"73":127,"74":127,"76":2060,"77":2060,"78":2060,"80":2187,"81":2187,"82":2187,"84":2187,"86":1},"branchMap":{"0":{"type":"branch","line":6,"loc":{"start":{"line":6,"column":22},"end":{"line":85,"column":2}},"locations":[{"start":{"line":6,"column":22},"end":{"line":85,"column":2}}]},"1":{"type":"branch","line":28,"loc":{"start":{"line":28,"column":5},"end":{"line":28,"column":32}},"locations":[{"start":{"line":28,"column":5},"end":{"line":28,"column":32}}]},"2":{"type":"branch","line":28,"loc":{"start":{"line":28,"column":18},"end":{"line":28,"column":50}},"locations":[{"start":{"line":28,"column":18},"end":{"line":28,"column":50}}]},"3":{"type":"branch","line":38,"loc":{"start":{"line":38,"column":26},"end":{"line":53,"column":19}},"locations":[{"start":{"line":38,"column":26},"end":{"line":53,"column":19}}]},"4":{"type":"branch","line":53,"loc":{"start":{"line":53,"column":10},"end":{"line":64,"column":12}},"locations":[{"start":{"line":53,"column":10},"end":{"line":64,"column":12}}]},"5":{"type":"branch","line":67,"loc":{"start":{"line":67,"column":11},"end":{"line":75,"column":15}},"locations":[{"start":{"line":67,"column":11},"end":{"line":75,"column":15}}]},"6":{"type":"branch","line":75,"loc":{"start":{"line":75,"column":12},"end":{"line":79,"column":21}},"locations":[{"start":{"line":75,"column":12},"end":{"line":79,"column":21}}]},"7":{"type":"branch","line":11,"loc":{"start":{"line":11,"column":12},"end":{"line":13,"column":5}},"locations":[{"start":{"line":11,"column":12},"end":{"line":13,"column":5}}]},"8":{"type":"branch","line":15,"loc":{"start":{"line":15,"column":24},"end":{"line":18,"column":4}},"locations":[{"start":{"line":15,"column":24},"end":{"line":18,"column":4}}]},"9":{"type":"branch","line":20,"loc":{"start":{"line":20,"column":23},"end":{"line":23,"column":4}},"locations":[{"start":{"line":20,"column":23},"end":{"line":23,"column":4}}]},"10":{"type":"branch","line":45,"loc":{"start":{"line":45,"column":22},"end":{"line":45,"column":90}},"locations":[{"start":{"line":45,"column":22},"end":{"line":45,"column":90}}]},"11":{"type":"branch","line":48,"loc":{"start":{"line":48,"column":25},"end":{"line":51,"column":23}},"locations":[{"start":{"line":48,"column":25},"end":{"line":51,"column":23}}]},"12":{"type":"branch","line":62,"loc":{"start":{"line":62,"column":22},"end":{"line":62,"column":90}},"locations":[{"start":{"line":62,"column":22},"end":{"line":62,"column":90}}]},"13":{"type":"branch","line":77,"loc":{"start":{"line":77,"column":43},"end":{"line":77,"column":69}},"locations":[{"start":{"line":77,"column":43},"end":{"line":77,"column":69}}]}},"b":{"0":[2187],"1":[2060],"2":[0],"3":[803],"4":[1384],"5":[127],"6":[2060],"7":[910],"8":[64],"9":[1],"10":[2],"11":[11212],"12":[59],"13":[66]},"fnMap":{"0":{"name":"EditableField","decl":{"start":{"line":6,"column":22},"end":{"line":85,"column":2}},"loc":{"start":{"line":6,"column":22},"end":{"line":85,"column":2}},"line":6},"1":{"name":"handleConfirm","decl":{"start":{"line":15,"column":24},"end":{"line":18,"column":4}},"loc":{"start":{"line":15,"column":24},"end":{"line":18,"column":4}},"line":15},"2":{"name":"handleCancel","decl":{"start":{"line":20,"column":23},"end":{"line":23,"column":4}},"loc":{"start":{"line":20,"column":23},"end":{"line":23,"column":4}},"line":20},"3":{"name":"onChange","decl":{"start":{"line":45,"column":22},"end":{"line":45,"column":90}},"loc":{"start":{"line":45,"column":22},"end":{"line":45,"column":90}},"line":45},"4":{"name":"onChange","decl":{"start":{"line":62,"column":22},"end":{"line":62,"column":90}},"loc":{"start":{"line":62,"column":22},"end":{"line":62,"column":90}},"line":62},"5":{"name":"onClick","decl":{"start":{"line":77,"column":43},"end":{"line":77,"column":69}},"loc":{"start":{"line":77,"column":43},"end":{"line":77,"column":69}},"line":77}},"f":{"0":2187,"1":64,"2":1,"3":2,"4":59,"5":66}}
,"C:\\Users\\fusro\\OneDrive - EPHEC asbl\\Documents\\EPHEC\\BAC 2\\DEV 3\\Projet LAN\\web_frontend\\src\\components\\FloatingShape.jsx": {"path":"C:\\Users\\fusro\\OneDrive - EPHEC asbl\\Documents\\EPHEC\\BAC 2\\DEV 3\\Projet LAN\\web_frontend\\src\\components\\FloatingShape.jsx","all":true,"statementMap":{"0":{"start":{"line":1,"column":0},"end":{"line":1,"column":36}},"1":{"start":{"line":2,"column":0},"end":{"line":2,"column":0}},"2":{"start":{"line":3,"column":0},"end":{"line":3,"column":60}},"3":{"start":{"line":4,"column":0},"end":{"line":4,"column":12}},"4":{"start":{"line":5,"column":0},"end":{"line":5,"column":19}},"5":{"start":{"line":6,"column":0},"end":{"line":6,"column":83}},"6":{"start":{"line":7,"column":0},"end":{"line":7,"column":31}},"7":{"start":{"line":8,"column":0},"end":{"line":8,"column":22}},"8":{"start":{"line":9,"column":0},"end":{"line":9,"column":40}},"9":{"start":{"line":10,"column":0},"end":{"line":10,"column":40}},"10":{"start":{"line":11,"column":0},"end":{"line":11,"column":33}},"11":{"start":{"line":12,"column":0},"end":{"line":12,"column":14}},"12":{"start":{"line":13,"column":0},"end":{"line":13,"column":0}},"13":{"start":{"line":14,"column":0},"end":{"line":14,"column":25}},"14":{"start":{"line":15,"column":0},"end":{"line":15,"column":29}},"15":{"start":{"line":16,"column":0},"end":{"line":16,"column":31}},"16":{"start":{"line":17,"column":0},"end":{"line":17,"column":34}},"17":{"start":{"line":18,"column":0},"end":{"line":18,"column":22}},"18":{"start":{"line":19,"column":0},"end":{"line":19,"column":14}},"19":{"start":{"line":20,"column":0},"end":{"line":20,"column":30}},"20":{"start":{"line":21,"column":0},"end":{"line":21,"column":0}},"21":{"start":{"line":22,"column":0},"end":{"line":22,"column":10}},"22":{"start":{"line":23,"column":0},"end":{"line":23,"column":5}},"23":{"start":{"line":24,"column":0},"end":{"line":24,"column":1}},"24":{"start":{"line":25,"column":0},"end":{"line":25,"column":0}},"25":{"start":{"line":26,"column":0},"end":{"line":26,"column":28}}},"s":{"0":0,"1":0,"2":0,"3":0,"4":0,"5":0,"6":0,"7":0,"8":0,"9":0,"10":0,"11":0,"12":0,"13":0,"14":0,"15":0,"16":0,"17":0,"18":0,"19":0,"20":0,"21":0,"22":0,"23":0,"24":0,"25":0},"branchMap":{"0":{"type":"branch","line":1,"loc":{"start":{"line":1,"column":0},"end":{"line":26,"column":28}},"locations":[{"start":{"line":1,"column":0},"end":{"line":26,"column":28}}]}},"b":{"0":[0]},"fnMap":{"0":{"name":"(empty-report)","decl":{"start":{"line":1,"column":0},"end":{"line":26,"column":28}},"loc":{"start":{"line":1,"column":0},"end":{"line":26,"column":28}},"line":1}},"f":{"0":0}}
,"C:\\Users\\fusro\\OneDrive - EPHEC asbl\\Documents\\EPHEC\\BAC 2\\DEV 3\\Projet LAN\\web_frontend\\src\\components\\Input.jsx": {"path":"C:\\Users\\fusro\\OneDrive - EPHEC asbl\\Documents\\EPHEC\\BAC 2\\DEV 3\\Projet LAN\\web_frontend\\src\\components\\Input.jsx","all":false,"statementMap":{"0":{"start":{"line":1,"column":0},"end":{"line":1,"column":28}},"2":{"start":{"line":3,"column":0},"end":{"line":3,"column":45}},"3":{"start":{"line":4,"column":0},"end":{"line":4,"column":9}},"4":{"start":{"line":5,"column":0},"end":{"line":5,"column":33}},"5":{"start":{"line":6,"column":0},"end":{"line":6,"column":89}},"6":{"start":{"line":7,"column":0},"end":{"line":7,"column":45}},"7":{"start":{"line":8,"column":0},"end":{"line":8,"column":9}},"8":{"start":{"line":9,"column":0},"end":{"line":9,"column":9}},"9":{"start":{"line":10,"column":0},"end":{"line":10,"column":14}},"10":{"start":{"line":11,"column":0},"end":{"line":11,"column":209}},"11":{"start":{"line":12,"column":0},"end":{"line":12,"column":5}},"12":{"start":{"line":13,"column":0},"end":{"line":13,"column":8}},"14":{"start":{"line":15,"column":0},"end":{"line":15,"column":2}},"15":{"start":{"line":16,"column":0},"end":{"line":16,"column":21}}},"s":{"0":1,"2":1,"3":826,"4":826,"5":826,"6":826,"7":826,"8":826,"9":826,"10":826,"11":826,"12":826,"14":826,"15":1},"branchMap":{"0":{"type":"branch","line":3,"loc":{"start":{"line":3,"column":14},"end":{"line":15,"column":2}},"locations":[{"start":{"line":3,"column":14},"end":{"line":15,"column":2}}]}},"b":{"0":[826]},"fnMap":{"0":{"name":"Input","decl":{"start":{"line":3,"column":14},"end":{"line":15,"column":2}},"loc":{"start":{"line":3,"column":14},"end":{"line":15,"column":2}},"line":3}},"f":{"0":826}}
,"C:\\Users\\fusro\\OneDrive - EPHEC asbl\\Documents\\EPHEC\\BAC 2\\DEV 3\\Projet LAN\\web_frontend\\src\\components\\LoadingSpinner.jsx": {"path":"C:\\Users\\fusro\\OneDrive - EPHEC asbl\\Documents\\EPHEC\\BAC 2\\DEV 3\\Projet LAN\\web_frontend\\src\\components\\LoadingSpinner.jsx","all":true,"statementMap":{"0":{"start":{"line":1,"column":0},"end":{"line":1,"column":39}},"1":{"start":{"line":2,"column":0},"end":{"line":2,"column":0}},"2":{"start":{"line":3,"column":0},"end":{"line":3,"column":30}},"3":{"start":{"line":4,"column":0},"end":{"line":4,"column":9}},"4":{"start":{"line":5,"column":0},"end":{"line":5,"column":149}},"5":{"start":{"line":6,"column":0},"end":{"line":6,"column":33}},"6":{"start":{"line":7,"column":0},"end":{"line":7,"column":12}},"7":{"start":{"line":8,"column":0},"end":{"line":8,"column":14}},"8":{"start":{"line":9,"column":0},"end":{"line":9,"column":92}},"9":{"start":{"line":10,"column":0},"end":{"line":10,"column":29}},"10":{"start":{"line":11,"column":0},"end":{"line":11,"column":66}},"11":{"start":{"line":12,"column":0},"end":{"line":12,"column":5}},"12":{"start":{"line":13,"column":0},"end":{"line":13,"column":8}},"13":{"start":{"line":14,"column":0},"end":{"line":14,"column":3}},"14":{"start":{"line":15,"column":0},"end":{"line":15,"column":2}},"15":{"start":{"line":16,"column":0},"end":{"line":16,"column":0}},"16":{"start":{"line":17,"column":0},"end":{"line":17,"column":30}}},"s":{"0":0,"1":0,"2":0,"3":0,"4":0,"5":0,"6":0,"7":0,"8":0,"9":0,"10":0,"11":0,"12":0,"13":0,"14":0,"15":0,"16":0},"branchMap":{"0":{"type":"branch","line":1,"loc":{"start":{"line":1,"column":0},"end":{"line":17,"column":30}},"locations":[{"start":{"line":1,"column":0},"end":{"line":17,"column":30}}]}},"b":{"0":[0]},"fnMap":{"0":{"name":"(empty-report)","decl":{"start":{"line":1,"column":0},"end":{"line":17,"column":30}},"loc":{"start":{"line":1,"column":0},"end":{"line":17,"column":30}},"line":1}},"f":{"0":0}}
,"C:\\Users\\fusro\\OneDrive - EPHEC asbl\\Documents\\EPHEC\\BAC 2\\DEV 3\\Projet LAN\\web_frontend\\src\\components\\PasswordStrengthMeter.jsx": {"path":"C:\\Users\\fusro\\OneDrive - EPHEC asbl\\Documents\\EPHEC\\BAC 2\\DEV 3\\Projet LAN\\web_frontend\\src\\components\\PasswordStrengthMeter.jsx","all":false,"statementMap":{"0":{"start":{"line":1,"column":0},"end":{"line":1,"column":69}},"2":{"start":{"line":3,"column":0},"end":{"line":3,"column":40}},"4":{"start":{"line":5,"column":0},"end":{"line":5,"column":44}},"5":{"start":{"line":6,"column":0},"end":{"line":6,"column":19}},"6":{"start":{"line":7,"column":0},"end":{"line":7,"column":70}},"7":{"start":{"line":8,"column":0},"end":{"line":8,"column":67}},"8":{"start":{"line":9,"column":0},"end":{"line":9,"column":67}},"9":{"start":{"line":10,"column":0},"end":{"line":10,"column":61}},"10":{"start":{"line":11,"column":0},"end":{"line":11,"column":81}},"11":{"start":{"line":12,"column":0},"end":{"line":12,"column":3}},"13":{"start":{"line":14,"column":0},"end":{"line":14,"column":9}},"14":{"start":{"line":15,"column":0},"end":{"line":15,"column":34}},"15":{"start":{"line":16,"column":0},"end":{"line":16,"column":28}},"16":{"start":{"line":17,"column":0},"end":{"line":17,"column":64}},"17":{"start":{"line":18,"column":0},"end":{"line":18,"column":18}},"18":{"start":{"line":19,"column":0},"end":{"line":19,"column":54}},"20":{"start":{"line":21,"column":0},"end":{"line":21,"column":49}},"22":{"start":{"line":23,"column":0},"end":{"line":23,"column":87}},"23":{"start":{"line":24,"column":0},"end":{"line":24,"column":10}},"24":{"start":{"line":25,"column":0},"end":{"line":25,"column":6}},"25":{"start":{"line":26,"column":0},"end":{"line":26,"column":8}},"27":{"start":{"line":28,"column":0},"end":{"line":28,"column":2}},"29":{"start":{"line":30,"column":0},"end":{"line":30,"column":49}},"30":{"start":{"line":31,"column":0},"end":{"line":31,"column":32}},"31":{"start":{"line":32,"column":0},"end":{"line":32,"column":19}},"32":{"start":{"line":33,"column":0},"end":{"line":33,"column":35}},"33":{"start":{"line":34,"column":0},"end":{"line":34,"column":61}},"34":{"start":{"line":35,"column":0},"end":{"line":35,"column":35}},"35":{"start":{"line":36,"column":0},"end":{"line":36,"column":44}},"36":{"start":{"line":37,"column":0},"end":{"line":37,"column":18}},"37":{"start":{"line":38,"column":0},"end":{"line":38,"column":3}},"38":{"start":{"line":39,"column":0},"end":{"line":39,"column":40}},"40":{"start":{"line":41,"column":0},"end":{"line":41,"column":33}},"41":{"start":{"line":42,"column":0},"end":{"line":42,"column":42}},"42":{"start":{"line":43,"column":0},"end":{"line":43,"column":42}},"43":{"start":{"line":44,"column":0},"end":{"line":44,"column":45}},"44":{"start":{"line":45,"column":0},"end":{"line":45,"column":45}},"45":{"start":{"line":46,"column":0},"end":{"line":46,"column":24}},"46":{"start":{"line":47,"column":0},"end":{"line":47,"column":3}},"48":{"start":{"line":49,"column":0},"end":{"line":49,"column":40}},"49":{"start":{"line":50,"column":0},"end":{"line":50,"column":36}},"50":{"start":{"line":51,"column":0},"end":{"line":51,"column":38}},"51":{"start":{"line":52,"column":0},"end":{"line":52,"column":36}},"52":{"start":{"line":53,"column":0},"end":{"line":53,"column":39}},"53":{"start":{"line":54,"column":0},"end":{"line":54,"column":20}},"54":{"start":{"line":55,"column":0},"end":{"line":55,"column":3}},"56":{"start":{"line":57,"column":0},"end":{"line":57,"column":9}},"57":{"start":{"line":58,"column":0},"end":{"line":58,"column":24}},"58":{"start":{"line":59,"column":0},"end":{"line":59,"column":59}},"59":{"start":{"line":60,"column":0},"end":{"line":60,"column":72}},"60":{"start":{"line":61,"column":0},"end":{"line":61,"column":78}},"61":{"start":{"line":62,"column":0},"end":{"line":62,"column":9}},"63":{"start":{"line":64,"column":0},"end":{"line":64,"column":35}},"64":{"start":{"line":65,"column":0},"end":{"line":65,"column":38}},"65":{"start":{"line":66,"column":0},"end":{"line":66,"column":9}},"66":{"start":{"line":67,"column":0},"end":{"line":67,"column":17}},"67":{"start":{"line":68,"column":0},"end":{"line":68,"column":72}},"68":{"start":{"line":69,"column":0},"end":{"line":69,"column":72}},"70":{"start":{"line":71,"column":0},"end":{"line":71,"column":7}},"71":{"start":{"line":72,"column":0},"end":{"line":72,"column":7}},"72":{"start":{"line":73,"column":0},"end":{"line":73,"column":9}},"73":{"start":{"line":74,"column":0},"end":{"line":74,"column":43}},"74":{"start":{"line":75,"column":0},"end":{"line":75,"column":8}},"76":{"start":{"line":77,"column":0},"end":{"line":77,"column":2}},"77":{"start":{"line":78,"column":0},"end":{"line":78,"column":37}}},"s":{"0":1,"2":1,"4":1,"5":206,"6":206,"7":206,"8":206,"9":206,"10":206,"11":206,"13":206,"14":206,"15":206,"16":1030,"17":1030,"18":437,"20":593,"22":1030,"23":1030,"24":206,"25":206,"27":206,"29":1,"30":206,"31":206,"32":206,"33":206,"34":206,"35":206,"36":206,"37":206,"38":206,"40":206,"41":342,"42":342,"43":342,"44":342,"45":256,"46":342,"48":206,"49":206,"50":206,"51":206,"52":206,"53":64,"54":206,"56":206,"57":206,"58":206,"59":206,"60":206,"61":206,"63":206,"64":206,"65":824,"66":824,"67":824,"68":824,"70":824,"71":206,"72":206,"73":206,"74":206,"76":206,"77":1},"branchMap":{"0":{"type":"branch","line":5,"loc":{"start":{"line":5,"column":25},"end":{"line":28,"column":2}},"locations":[{"start":{"line":5,"column":25},"end":{"line":28,"column":2}}]},"1":{"type":"branch","line":16,"loc":{"start":{"line":16,"column":17},"end":{"line":24,"column":10}},"locations":[{"start":{"line":16,"column":17},"end":{"line":24,"column":10}}]},"2":{"type":"branch","line":18,"loc":{"start":{"line":18,"column":11},"end":{"line":19,"column":54}},"locations":[{"start":{"line":18,"column":11},"end":{"line":19,"column":54}}]},"3":{"type":"branch","line":19,"loc":{"start":{"line":19,"column":52},"end":{"line":21,"column":49}},"locations":[{"start":{"line":19,"column":52},"end":{"line":21,"column":49}}]},"4":{"type":"branch","line":23,"loc":{"start":{"line":23,"column":27},"end":{"line":23,"column":52}},"locations":[{"start":{"line":23,"column":27},"end":{"line":23,"column":52}}]},"5":{"type":"branch","line":23,"loc":{"start":{"line":23,"column":33},"end":{"line":23,"column":69}},"locations":[{"start":{"line":23,"column":33},"end":{"line":23,"column":69}}]},"6":{"type":"branch","line":30,"loc":{"start":{"line":30,"column":30},"end":{"line":77,"column":2}},"locations":[{"start":{"line":30,"column":30},"end":{"line":77,"column":2}}]},"7":{"type":"branch","line":31,"loc":{"start":{"line":31,"column":21},"end":{"line":38,"column":3}},"locations":[{"start":{"line":31,"column":21},"end":{"line":38,"column":3}}]},"8":{"type":"branch","line":33,"loc":{"start":{"line":33,"column":24},"end":{"line":33,"column":35}},"locations":[{"start":{"line":33,"column":24},"end":{"line":33,"column":35}}]},"9":{"type":"branch","line":34,"loc":{"start":{"line":34,"column":24},"end":{"line":34,"column":50}},"locations":[{"start":{"line":34,"column":24},"end":{"line":34,"column":50}}]},"10":{"type":"branch","line":34,"loc":{"start":{"line":34,"column":50},"end":{"line":34,"column":61}},"locations":[{"start":{"line":34,"column":50},"end":{"line":34,"column":61}}]},"11":{"type":"branch","line":35,"loc":{"start":{"line":35,"column":24},"end":{"line":35,"column":35}},"locations":[{"start":{"line":35,"column":24},"end":{"line":35,"column":35}}]},"12":{"type":"branch","line":36,"loc":{"start":{"line":36,"column":33},"end":{"line":36,"column":44}},"locations":[{"start":{"line":36,"column":33},"end":{"line":36,"column":44}}]},"13":{"type":"branch","line":41,"loc":{"start":{"line":41,"column":18},"end":{"line":47,"column":3}},"locations":[{"start":{"line":41,"column":18},"end":{"line":47,"column":3}}]},"14":{"type":"branch","line":42,"loc":{"start":{"line":42,"column":22},"end":{"line":42,"column":42}},"locations":[{"start":{"line":42,"column":22},"end":{"line":42,"column":42}}]},"15":{"type":"branch","line":43,"loc":{"start":{"line":43,"column":22},"end":{"line":43,"column":42}},"locations":[{"start":{"line":43,"column":22},"end":{"line":43,"column":42}}]},"16":{"type":"branch","line":43,"loc":{"start":{"line":43,"column":29},"end":{"line":44,"column":29}},"locations":[{"start":{"line":43,"column":29},"end":{"line":44,"column":29}}]},"17":{"type":"branch","line":44,"loc":{"start":{"line":44,"column":22},"end":{"line":44,"column":45}},"locations":[{"start":{"line":44,"column":22},"end":{"line":44,"column":45}}]},"18":{"type":"branch","line":44,"loc":{"start":{"line":44,"column":29},"end":{"line":45,"column":29}},"locations":[{"start":{"line":44,"column":29},"end":{"line":45,"column":29}}]},"19":{"type":"branch","line":45,"loc":{"start":{"line":45,"column":22},"end":{"line":45,"column":45}},"locations":[{"start":{"line":45,"column":22},"end":{"line":45,"column":45}}]},"20":{"type":"branch","line":45,"loc":{"start":{"line":45,"column":29},"end":{"line":46,"column":24}},"locations":[{"start":{"line":45,"column":29},"end":{"line":46,"column":24}}]},"21":{"type":"branch","line":49,"loc":{"start":{"line":49,"column":25},"end":{"line":55,"column":3}},"locations":[{"start":{"line":49,"column":25},"end":{"line":55,"column":3}}]},"22":{"type":"branch","line":50,"loc":{"start":{"line":50,"column":22},"end":{"line":50,"column":36}},"locations":[{"start":{"line":50,"column":22},"end":{"line":50,"column":36}}]},"23":{"type":"branch","line":50,"loc":{"start":{"line":50,"column":29},"end":{"line":51,"column":29}},"locations":[{"start":{"line":50,"column":29},"end":{"line":51,"column":29}}]},"24":{"type":"branch","line":51,"loc":{"start":{"line":51,"column":22},"end":{"line":51,"column":38}},"locations":[{"start":{"line":51,"column":22},"end":{"line":51,"column":38}}]},"25":{"type":"branch","line":51,"loc":{"start":{"line":51,"column":29},"end":{"line":52,"column":29}},"locations":[{"start":{"line":51,"column":29},"end":{"line":52,"column":29}}]},"26":{"type":"branch","line":52,"loc":{"start":{"line":52,"column":22},"end":{"line":52,"column":36}},"locations":[{"start":{"line":52,"column":22},"end":{"line":52,"column":36}}]},"27":{"type":"branch","line":52,"loc":{"start":{"line":52,"column":29},"end":{"line":53,"column":29}},"locations":[{"start":{"line":52,"column":29},"end":{"line":53,"column":29}}]},"28":{"type":"branch","line":53,"loc":{"start":{"line":53,"column":22},"end":{"line":53,"column":39}},"locations":[{"start":{"line":53,"column":22},"end":{"line":53,"column":39}}]},"29":{"type":"branch","line":53,"loc":{"start":{"line":53,"column":29},"end":{"line":54,"column":20}},"locations":[{"start":{"line":53,"column":29},"end":{"line":54,"column":20}}]},"30":{"type":"branch","line":65,"loc":{"start":{"line":65,"column":23},"end":{"line":71,"column":7}},"locations":[{"start":{"line":65,"column":23},"end":{"line":71,"column":7}}]},"31":{"type":"branch","line":69,"loc":{"start":{"line":69,"column":26},"end":{"line":69,"column":58}},"locations":[{"start":{"line":69,"column":26},"end":{"line":69,"column":58}}]},"32":{"type":"branch","line":69,"loc":{"start":{"line":69,"column":54},"end":{"line":69,"column":71}},"locations":[{"start":{"line":69,"column":54},"end":{"line":69,"column":71}}]}},"b":{"0":[206],"1":[1030],"2":[437],"3":[593],"4":[437],"5":[593],"6":[206],"7":[206],"8":[91],"9":[95],"10":[78],"11":[88],"12":[85],"13":[342],"14":[0],"15":[4],"16":[338],"17":[10],"18":[328],"19":[72],"20":[256],"21":[206],"22":[109],"23":[97],"24":[4],"25":[93],"26":[5],"27":[88],"28":[24],"29":[64],"30":[824],"31":[342],"32":[482]},"fnMap":{"0":{"name":"PasswordCriteria","decl":{"start":{"line":5,"column":25},"end":{"line":28,"column":2}},"loc":{"start":{"line":5,"column":25},"end":{"line":28,"column":2}},"line":5},"1":{"name":"PasswordStrengthMeter","decl":{"start":{"line":30,"column":30},"end":{"line":77,"column":2}},"loc":{"start":{"line":30,"column":30},"end":{"line":77,"column":2}},"line":30},"2":{"name":"getStrength","decl":{"start":{"line":31,"column":21},"end":{"line":38,"column":3}},"loc":{"start":{"line":31,"column":21},"end":{"line":38,"column":3}},"line":31},"3":{"name":"getColor","decl":{"start":{"line":41,"column":18},"end":{"line":47,"column":3}},"loc":{"start":{"line":41,"column":18},"end":{"line":47,"column":3}},"line":41},"4":{"name":"getStrengthText","decl":{"start":{"line":49,"column":25},"end":{"line":55,"column":3}},"loc":{"start":{"line":49,"column":25},"end":{"line":55,"column":3}},"line":49}},"f":{"0":206,"1":206,"2":206,"3":342,"4":206}}
,"C:\\Users\\fusro\\OneDrive - EPHEC asbl\\Documents\\EPHEC\\BAC 2\\DEV 3\\Projet LAN\\web_frontend\\src\\pages\\EditProfilePage.jsx": {"path":"C:\\Users\\fusro\\OneDrive - EPHEC asbl\\Documents\\EPHEC\\BAC 2\\DEV 3\\Projet LAN\\web_frontend\\src\\pages\\EditProfilePage.jsx","all":false,"statementMap":{"0":{"start":{"line":1,"column":0},"end":{"line":1,"column":51}},"1":{"start":{"line":2,"column":0},"end":{"line":2,"column":47}},"2":{"start":{"line":3,"column":0},"end":{"line":3,"column":36}},"3":{"start":{"line":4,"column":0},"end":{"line":4,"column":71}},"4":{"start":{"line":5,"column":0},"end":{"line":5,"column":39}},"6":{"start":{"line":7,"column":0},"end":{"line":7,"column":50}},"7":{"start":{"line":8,"column":0},"end":{"line":8,"column":52}},"9":{"start":{"line":10,"column":0},"end":{"line":10,"column":72}},"10":{"start":{"line":11,"column":0},"end":{"line":11,"column":56}},"12":{"start":{"line":13,"column":0},"end":{"line":13,"column":55}},"13":{"start":{"line":14,"column":0},"end":{"line":14,"column":82}},"15":{"start":{"line":16,"column":0},"end":{"line":16,"column":31}},"16":{"start":{"line":17,"column":0},"end":{"line":17,"column":33}},"18":{"start":{"line":19,"column":0},"end":{"line":19,"column":44}},"19":{"start":{"line":20,"column":0},"end":{"line":20,"column":12}},"20":{"start":{"line":21,"column":0},"end":{"line":21,"column":15}},"21":{"start":{"line":22,"column":0},"end":{"line":22,"column":15}},"22":{"start":{"line":23,"column":0},"end":{"line":23,"column":17}},"23":{"start":{"line":24,"column":0},"end":{"line":24,"column":15}},"24":{"start":{"line":25,"column":0},"end":{"line":25,"column":17}},"25":{"start":{"line":26,"column":0},"end":{"line":26,"column":24}},"26":{"start":{"line":27,"column":0},"end":{"line":27,"column":5}},"28":{"start":{"line":29,"column":0},"end":{"line":29,"column":72}},"30":{"start":{"line":31,"column":0},"end":{"line":31,"column":50}},"31":{"start":{"line":32,"column":0},"end":{"line":32,"column":67}},"33":{"start":{"line":34,"column":0},"end":{"line":34,"column":19}},"34":{"start":{"line":35,"column":0},"end":{"line":35,"column":18}},"35":{"start":{"line":36,"column":0},"end":{"line":36,"column":9}},"37":{"start":{"line":38,"column":0},"end":{"line":38,"column":19}},"38":{"start":{"line":39,"column":0},"end":{"line":39,"column":15}},"39":{"start":{"line":40,"column":0},"end":{"line":40,"column":19}},"40":{"start":{"line":41,"column":0},"end":{"line":41,"column":30}},"41":{"start":{"line":42,"column":0},"end":{"line":42,"column":33}},"42":{"start":{"line":43,"column":0},"end":{"line":43,"column":34}},"43":{"start":{"line":44,"column":0},"end":{"line":44,"column":34}},"44":{"start":{"line":45,"column":0},"end":{"line":45,"column":43}},"45":{"start":{"line":46,"column":0},"end":{"line":46,"column":21}},"46":{"start":{"line":47,"column":0},"end":{"line":47,"column":28}},"47":{"start":{"line":48,"column":0},"end":{"line":48,"column":9}},"48":{"start":{"line":49,"column":0},"end":{"line":49,"column":5}},"49":{"start":{"line":50,"column":0},"end":{"line":50,"column":13}},"51":{"start":{"line":52,"column":0},"end":{"line":52,"column":46}},"52":{"start":{"line":53,"column":0},"end":{"line":53,"column":56}},"53":{"start":{"line":54,"column":0},"end":{"line":54,"column":4}},"55":{"start":{"line":56,"column":0},"end":{"line":56,"column":44}},"56":{"start":{"line":57,"column":0},"end":{"line":57,"column":23}},"58":{"start":{"line":59,"column":0},"end":{"line":59,"column":98}},"60":{"start":{"line":61,"column":0},"end":{"line":61,"column":28}},"61":{"start":{"line":62,"column":0},"end":{"line":62,"column":46}},"62":{"start":{"line":63,"column":0},"end":{"line":63,"column":13}},"63":{"start":{"line":64,"column":0},"end":{"line":64,"column":5}},"65":{"start":{"line":66,"column":0},"end":{"line":66,"column":70}},"66":{"start":{"line":67,"column":0},"end":{"line":67,"column":51}},"67":{"start":{"line":68,"column":0},"end":{"line":68,"column":13}},"68":{"start":{"line":69,"column":0},"end":{"line":69,"column":5}},"70":{"start":{"line":71,"column":0},"end":{"line":71,"column":9}},"71":{"start":{"line":72,"column":0},"end":{"line":72,"column":42}},"72":{"start":{"line":73,"column":0},"end":{"line":73,"column":27}},"73":{"start":{"line":74,"column":0},"end":{"line":74,"column":21}},"74":{"start":{"line":75,"column":0},"end":{"line":75,"column":51}},"75":{"start":{"line":76,"column":0},"end":{"line":76,"column":27}},"76":{"start":{"line":77,"column":0},"end":{"line":77,"column":5}},"77":{"start":{"line":78,"column":0},"end":{"line":78,"column":4}},"79":{"start":{"line":80,"column":0},"end":{"line":80,"column":10}},"80":{"start":{"line":81,"column":0},"end":{"line":81,"column":119}},"81":{"start":{"line":82,"column":0},"end":{"line":82,"column":169}},"82":{"start":{"line":83,"column":0},"end":{"line":83,"column":43}},"83":{"start":{"line":84,"column":0},"end":{"line":84,"column":22}},"84":{"start":{"line":85,"column":0},"end":{"line":85,"column":21}},"85":{"start":{"line":86,"column":0},"end":{"line":86,"column":20}},"86":{"start":{"line":87,"column":0},"end":{"line":87,"column":30}},"87":{"start":{"line":88,"column":0},"end":{"line":88,"column":38}},"88":{"start":{"line":89,"column":0},"end":{"line":89,"column":21}},"89":{"start":{"line":90,"column":0},"end":{"line":90,"column":10}},"90":{"start":{"line":91,"column":0},"end":{"line":91,"column":22}},"91":{"start":{"line":92,"column":0},"end":{"line":92,"column":24}},"92":{"start":{"line":93,"column":0},"end":{"line":93,"column":23}},"93":{"start":{"line":94,"column":0},"end":{"line":94,"column":33}},"94":{"start":{"line":95,"column":0},"end":{"line":95,"column":38}},"95":{"start":{"line":96,"column":0},"end":{"line":96,"column":21}},"96":{"start":{"line":97,"column":0},"end":{"line":97,"column":10}},"97":{"start":{"line":98,"column":0},"end":{"line":98,"column":22}},"98":{"start":{"line":99,"column":0},"end":{"line":99,"column":24}},"99":{"start":{"line":100,"column":0},"end":{"line":100,"column":23}},"100":{"start":{"line":101,"column":0},"end":{"line":101,"column":33}},"101":{"start":{"line":102,"column":0},"end":{"line":102,"column":38}},"102":{"start":{"line":103,"column":0},"end":{"line":103,"column":21}},"103":{"start":{"line":104,"column":0},"end":{"line":104,"column":10}},"104":{"start":{"line":105,"column":0},"end":{"line":105,"column":22}},"105":{"start":{"line":106,"column":0},"end":{"line":106,"column":23}},"106":{"start":{"line":107,"column":0},"end":{"line":107,"column":25}},"107":{"start":{"line":108,"column":0},"end":{"line":108,"column":35}},"108":{"start":{"line":109,"column":0},"end":{"line":109,"column":38}},"109":{"start":{"line":110,"column":0},"end":{"line":110,"column":30}},"110":{"start":{"line":111,"column":0},"end":{"line":111,"column":81}},"111":{"start":{"line":112,"column":0},"end":{"line":112,"column":10}},"112":{"start":{"line":113,"column":0},"end":{"line":113,"column":22}},"113":{"start":{"line":114,"column":0},"end":{"line":114,"column":24}},"114":{"start":{"line":115,"column":0},"end":{"line":115,"column":23}},"115":{"start":{"line":116,"column":0},"end":{"line":116,"column":33}},"116":{"start":{"line":117,"column":0},"end":{"line":117,"column":38}},"117":{"start":{"line":118,"column":0},"end":{"line":118,"column":21}},"118":{"start":{"line":119,"column":0},"end":{"line":119,"column":33}},"119":{"start":{"line":120,"column":0},"end":{"line":120,"column":10}},"121":{"start":{"line":122,"column":0},"end":{"line":122,"column":30}},"122":{"start":{"line":123,"column":0},"end":{"line":123,"column":17}},"123":{"start":{"line":124,"column":0},"end":{"line":124,"column":25}},"124":{"start":{"line":125,"column":0},"end":{"line":125,"column":72}},"125":{"start":{"line":126,"column":0},"end":{"line":126,"column":70}},"127":{"start":{"line":128,"column":0},"end":{"line":128,"column":103}},"128":{"start":{"line":129,"column":0},"end":{"line":129,"column":19}},"129":{"start":{"line":130,"column":0},"end":{"line":130,"column":14}},"131":{"start":{"line":132,"column":0},"end":{"line":132,"column":33}},"132":{"start":{"line":133,"column":0},"end":{"line":133,"column":32}},"133":{"start":{"line":134,"column":0},"end":{"line":134,"column":34}},"134":{"start":{"line":135,"column":0},"end":{"line":135,"column":103}},"135":{"start":{"line":136,"column":0},"end":{"line":136,"column":20}},"136":{"start":{"line":137,"column":0},"end":{"line":137,"column":31}},"137":{"start":{"line":138,"column":0},"end":{"line":138,"column":31}},"138":{"start":{"line":139,"column":0},"end":{"line":139,"column":38}},"139":{"start":{"line":140,"column":0},"end":{"line":140,"column":41}},"140":{"start":{"line":141,"column":0},"end":{"line":141,"column":79}},"141":{"start":{"line":142,"column":0},"end":{"line":142,"column":153}},"142":{"start":{"line":143,"column":0},"end":{"line":143,"column":16}},"143":{"start":{"line":144,"column":0},"end":{"line":144,"column":18}},"144":{"start":{"line":145,"column":0},"end":{"line":145,"column":34}},"145":{"start":{"line":146,"column":0},"end":{"line":146,"column":108}},"146":{"start":{"line":147,"column":0},"end":{"line":147,"column":20}},"147":{"start":{"line":148,"column":0},"end":{"line":148,"column":31}},"148":{"start":{"line":149,"column":0},"end":{"line":149,"column":38}},"149":{"start":{"line":150,"column":0},"end":{"line":150,"column":45}},"150":{"start":{"line":151,"column":0},"end":{"line":151,"column":48}},"151":{"start":{"line":152,"column":0},"end":{"line":152,"column":86}},"152":{"start":{"line":153,"column":0},"end":{"line":153,"column":153}},"153":{"start":{"line":154,"column":0},"end":{"line":154,"column":16}},"154":{"start":{"line":155,"column":0},"end":{"line":155,"column":18}},"155":{"start":{"line":156,"column":0},"end":{"line":156,"column":66}},"156":{"start":{"line":157,"column":0},"end":{"line":157,"column":16}},"159":{"start":{"line":160,"column":0},"end":{"line":160,"column":77}},"161":{"start":{"line":162,"column":0},"end":{"line":162,"column":22}},"162":{"start":{"line":163,"column":0},"end":{"line":163,"column":99}},"166":{"start":{"line":167,"column":0},"end":{"line":167,"column":38}},"167":{"start":{"line":168,"column":0},"end":{"line":168,"column":36}},"168":{"start":{"line":169,"column":0},"end":{"line":169,"column":23}},"169":{"start":{"line":170,"column":0},"end":{"line":170,"column":30}},"170":{"start":{"line":171,"column":0},"end":{"line":171,"column":37}},"172":{"start":{"line":173,"column":0},"end":{"line":173,"column":110}},"173":{"start":{"line":174,"column":0},"end":{"line":174,"column":24}},"174":{"start":{"line":175,"column":0},"end":{"line":175,"column":13}},"175":{"start":{"line":176,"column":0},"end":{"line":176,"column":10}},"177":{"start":{"line":178,"column":0},"end":{"line":178,"column":2}},"179":{"start":{"line":180,"column":0},"end":{"line":180,"column":31}}},"s":{"0":1,"1":1,"2":1,"3":1,"4":1,"6":1,"7":1,"9":1,"10":1,"12":1,"13":1,"15":1,"16":316,"18":316,"19":316,"20":316,"21":316,"22":316,"23":316,"24":316,"25":316,"26":316,"28":316,"30":316,"31":316,"33":316,"34":85,"35":316,"37":316,"38":85,"39":85,"40":85,"41":85,"42":85,"43":85,"44":85,"45":85,"46":85,"47":85,"48":85,"49":316,"51":316,"52":96,"53":96,"55":316,"56":82,"58":82,"60":82,"61":35,"62":35,"63":35,"65":82,"66":9,"67":9,"68":9,"70":38,"71":38,"72":38,"73":82,"74":0,"75":0,"76":0,"77":82,"79":316,"80":316,"81":316,"82":316,"83":316,"84":316,"85":316,"86":316,"87":316,"88":316,"89":316,"90":316,"91":316,"92":316,"93":316,"94":316,"95":316,"96":316,"97":316,"98":316,"99":316,"100":316,"101":316,"102":316,"103":316,"104":316,"105":316,"106":316,"107":316,"108":316,"109":316,"110":316,"111":316,"112":316,"113":316,"114":316,"115":316,"116":316,"117":316,"118":316,"119":316,"121":316,"122":316,"123":316,"124":316,"125":316,"127":316,"128":316,"129":316,"131":316,"132":49,"133":49,"134":49,"135":49,"136":49,"137":49,"138":49,"139":49,"140":49,"141":49,"142":49,"143":49,"144":49,"145":49,"146":49,"147":49,"148":49,"149":49,"150":49,"151":49,"152":49,"153":49,"154":49,"155":49,"156":49,"159":316,"161":316,"162":316,"166":316,"167":316,"168":316,"169":316,"170":316,"172":316,"173":316,"174":316,"175":316,"177":316,"179":1},"branchMap":{"0":{"type":"branch","line":16,"loc":{"start":{"line":16,"column":24},"end":{"line":178,"column":2}},"locations":[{"start":{"line":16,"column":24},"end":{"line":178,"column":2}}]},"1":{"type":"branch","line":128,"loc":{"start":{"line":128,"column":13},"end":{"line":128,"column":77}},"locations":[{"start":{"line":128,"column":13},"end":{"line":128,"column":77}}]},"2":{"type":"branch","line":128,"loc":{"start":{"line":128,"column":35},"end":{"line":128,"column":103}},"locations":[{"start":{"line":128,"column":35},"end":{"line":128,"column":103}}]},"3":{"type":"branch","line":132,"loc":{"start":{"line":132,"column":9},"end":{"line":157,"column":16}},"locations":[{"start":{"line":132,"column":9},"end":{"line":157,"column":16}}]},"4":{"type":"branch","line":160,"loc":{"start":{"line":160,"column":9},"end":{"line":160,"column":77}},"locations":[{"start":{"line":160,"column":9},"end":{"line":160,"column":77}}]},"5":{"type":"branch","line":173,"loc":{"start":{"line":173,"column":11},"end":{"line":173,"column":79}},"locations":[{"start":{"line":173,"column":11},"end":{"line":173,"column":79}}]},"6":{"type":"branch","line":34,"loc":{"start":{"line":34,"column":12},"end":{"line":36,"column":5}},"locations":[{"start":{"line":34,"column":12},"end":{"line":36,"column":5}}]},"7":{"type":"branch","line":38,"loc":{"start":{"line":38,"column":12},"end":{"line":50,"column":5}},"locations":[{"start":{"line":38,"column":12},"end":{"line":50,"column":5}}]},"8":{"type":"branch","line":41,"loc":{"start":{"line":41,"column":18},"end":{"line":41,"column":30}},"locations":[{"start":{"line":41,"column":18},"end":{"line":41,"column":30}}]},"9":{"type":"branch","line":42,"loc":{"start":{"line":42,"column":21},"end":{"line":42,"column":33}},"locations":[{"start":{"line":42,"column":21},"end":{"line":42,"column":33}}]},"10":{"type":"branch","line":43,"loc":{"start":{"line":43,"column":21},"end":{"line":43,"column":34}},"locations":[{"start":{"line":43,"column":21},"end":{"line":43,"column":34}}]},"11":{"type":"branch","line":44,"loc":{"start":{"line":44,"column":21},"end":{"line":44,"column":34}},"locations":[{"start":{"line":44,"column":21},"end":{"line":44,"column":34}}]},"12":{"type":"branch","line":45,"loc":{"start":{"line":45,"column":33},"end":{"line":45,"column":43}},"locations":[{"start":{"line":45,"column":33},"end":{"line":45,"column":43}}]},"13":{"type":"branch","line":52,"loc":{"start":{"line":52,"column":28},"end":{"line":54,"column":4}},"locations":[{"start":{"line":52,"column":28},"end":{"line":54,"column":4}}]},"14":{"type":"branch","line":53,"loc":{"start":{"line":53,"column":16},"end":{"line":53,"column":54}},"locations":[{"start":{"line":53,"column":16},"end":{"line":53,"column":54}}]},"15":{"type":"branch","line":56,"loc":{"start":{"line":56,"column":30},"end":{"line":78,"column":4}},"locations":[{"start":{"line":56,"column":30},"end":{"line":78,"column":4}}]},"16":{"type":"branch","line":61,"loc":{"start":{"line":61,"column":27},"end":{"line":64,"column":5}},"locations":[{"start":{"line":61,"column":27},"end":{"line":64,"column":5}}]},"17":{"type":"branch","line":64,"loc":{"start":{"line":64,"column":4},"end":{"line":66,"column":69}},"locations":[{"start":{"line":64,"column":4},"end":{"line":66,"column":69}}]},"18":{"type":"branch","line":66,"loc":{"start":{"line":66,"column":69},"end":{"line":69,"column":5}},"locations":[{"start":{"line":66,"column":69},"end":{"line":69,"column":5}}]},"19":{"type":"branch","line":69,"loc":{"start":{"line":69,"column":4},"end":{"line":74,"column":13}},"locations":[{"start":{"line":69,"column":4},"end":{"line":74,"column":13}}]},"20":{"type":"branch","line":74,"loc":{"start":{"line":74,"column":4},"end":{"line":77,"column":5}},"locations":[{"start":{"line":74,"column":4},"end":{"line":77,"column":5}}]},"21":{"type":"branch","line":62,"loc":{"start":{"line":62,"column":21},"end":{"line":62,"column":44}},"locations":[{"start":{"line":62,"column":21},"end":{"line":62,"column":44}}]},"22":{"type":"branch","line":111,"loc":{"start":{"line":111,"column":30},"end":{"line":111,"column":79}},"locations":[{"start":{"line":111,"column":30},"end":{"line":111,"column":79}}]},"23":{"type":"branch","line":125,"loc":{"start":{"line":125,"column":21},"end":{"line":125,"column":72}},"locations":[{"start":{"line":125,"column":21},"end":{"line":125,"column":72}}]},"24":{"type":"branch","line":141,"loc":{"start":{"line":141,"column":26},"end":{"line":141,"column":79}},"locations":[{"start":{"line":141,"column":26},"end":{"line":141,"column":79}}]},"25":{"type":"branch","line":152,"loc":{"start":{"line":152,"column":26},"end":{"line":152,"column":86}},"locations":[{"start":{"line":152,"column":26},"end":{"line":152,"column":86}}]}},"b":{"0":[316],"1":[49],"2":[267],"3":[49],"4":[0],"5":[0],"6":[85],"7":[85],"8":[0],"9":[0],"10":[0],"11":[0],"12":[0],"13":[96],"14":[96],"15":[82],"16":[35],"17":[47],"18":[9],"19":[38],"20":[0],"21":[35],"22":[1264],"23":[17],"24":[16],"25":[16]},"fnMap":{"0":{"name":"EditProfilePage","decl":{"start":{"line":16,"column":24},"end":{"line":178,"column":2}},"loc":{"start":{"line":16,"column":24},"end":{"line":178,"column":2}},"line":16},"1":{"name":"handleFieldChange","decl":{"start":{"line":52,"column":28},"end":{"line":54,"column":4}},"loc":{"start":{"line":52,"column":28},"end":{"line":54,"column":4}},"line":52},"2":{"name":"handleUpdateProfile","decl":{"start":{"line":56,"column":30},"end":{"line":78,"column":4}},"loc":{"start":{"line":56,"column":30},"end":{"line":78,"column":4}},"line":56},"3":{"name":"onClick","decl":{"start":{"line":125,"column":21},"end":{"line":125,"column":72}},"loc":{"start":{"line":125,"column":21},"end":{"line":125,"column":72}},"line":125},"4":{"name":"onChange","decl":{"start":{"line":141,"column":26},"end":{"line":141,"column":79}},"loc":{"start":{"line":141,"column":26},"end":{"line":141,"column":79}},"line":141},"5":{"name":"onChange","decl":{"start":{"line":152,"column":26},"end":{"line":152,"column":86}},"loc":{"start":{"line":152,"column":26},"end":{"line":152,"column":86}},"line":152}},"f":{"0":316,"1":96,"2":82,"3":17,"4":16,"5":16}}
,"C:\\Users\\fusro\\OneDrive - EPHEC asbl\\Documents\\EPHEC\\BAC 2\\DEV 3\\Projet LAN\\web_frontend\\src\\pages\\EmailVerificationPage.jsx": {"path":"C:\\Users\\fusro\\OneDrive - EPHEC asbl\\Documents\\EPHEC\\BAC 2\\DEV 3\\Projet LAN\\web_frontend\\src\\pages\\EmailVerificationPage.jsx","all":true,"statementMap":{"0":{"start":{"line":1,"column":0},"end":{"line":1,"column":52}},"1":{"start":{"line":2,"column":0},"end":{"line":2,"column":47}},"2":{"start":{"line":3,"column":0},"end":{"line":3,"column":39}},"3":{"start":{"line":4,"column":0},"end":{"line":4,"column":50}},"4":{"start":{"line":5,"column":0},"end":{"line":5,"column":36}},"5":{"start":{"line":6,"column":0},"end":{"line":6,"column":0}},"6":{"start":{"line":7,"column":0},"end":{"line":7,"column":37}},"7":{"start":{"line":8,"column":0},"end":{"line":8,"column":60}},"8":{"start":{"line":9,"column":0},"end":{"line":9,"column":30}},"9":{"start":{"line":10,"column":0},"end":{"line":10,"column":32}},"10":{"start":{"line":11,"column":0},"end":{"line":11,"column":0}},"11":{"start":{"line":12,"column":0},"end":{"line":12,"column":58}},"12":{"start":{"line":13,"column":0},"end":{"line":13,"column":0}},"13":{"start":{"line":14,"column":0},"end":{"line":14,"column":41}},"14":{"start":{"line":15,"column":0},"end":{"line":15,"column":28}},"15":{"start":{"line":16,"column":0},"end":{"line":16,"column":0}},"16":{"start":{"line":17,"column":0},"end":{"line":17,"column":26}},"17":{"start":{"line":18,"column":0},"end":{"line":18,"column":25}},"18":{"start":{"line":19,"column":0},"end":{"line":19,"column":50}},"19":{"start":{"line":20,"column":0},"end":{"line":20,"column":32}},"20":{"start":{"line":21,"column":0},"end":{"line":21,"column":37}},"21":{"start":{"line":22,"column":0},"end":{"line":22,"column":4}},"22":{"start":{"line":23,"column":0},"end":{"line":23,"column":20}},"23":{"start":{"line":24,"column":0},"end":{"line":24,"column":0}},"24":{"start":{"line":25,"column":0},"end":{"line":25,"column":78}},"25":{"start":{"line":26,"column":0},"end":{"line":26,"column":74}},"26":{"start":{"line":27,"column":0},"end":{"line":27,"column":68}},"27":{"start":{"line":28,"column":0},"end":{"line":28,"column":41}},"28":{"start":{"line":29,"column":0},"end":{"line":29,"column":10}},"29":{"start":{"line":30,"column":0},"end":{"line":30,"column":26}},"30":{"start":{"line":31,"column":0},"end":{"line":31,"column":20}},"31":{"start":{"line":32,"column":0},"end":{"line":32,"column":0}},"32":{"start":{"line":33,"column":0},"end":{"line":33,"column":66}},"33":{"start":{"line":34,"column":0},"end":{"line":34,"column":28}},"34":{"start":{"line":35,"column":0},"end":{"line":35,"column":41}},"35":{"start":{"line":36,"column":0},"end":{"line":36,"column":4}},"36":{"start":{"line":37,"column":0},"end":{"line":37,"column":3}},"37":{"start":{"line":38,"column":0},"end":{"line":38,"column":3}},"38":{"start":{"line":39,"column":0},"end":{"line":39,"column":0}},"39":{"start":{"line":40,"column":0},"end":{"line":40,"column":38}},"40":{"start":{"line":41,"column":0},"end":{"line":41,"column":59}},"41":{"start":{"line":42,"column":0},"end":{"line":42,"column":40}},"42":{"start":{"line":43,"column":0},"end":{"line":43,"column":3}},"43":{"start":{"line":44,"column":0},"end":{"line":44,"column":3}},"44":{"start":{"line":45,"column":0},"end":{"line":45,"column":0}},"45":{"start":{"line":46,"column":0},"end":{"line":46,"column":36}},"46":{"start":{"line":47,"column":0},"end":{"line":47,"column":21}},"47":{"start":{"line":48,"column":0},"end":{"line":48,"column":41}},"48":{"start":{"line":49,"column":0},"end":{"line":49,"column":7}},"49":{"start":{"line":50,"column":0},"end":{"line":50,"column":39}},"50":{"start":{"line":51,"column":0},"end":{"line":51,"column":17}},"51":{"start":{"line":52,"column":0},"end":{"line":52,"column":48}},"52":{"start":{"line":53,"column":0},"end":{"line":53,"column":19}},"53":{"start":{"line":54,"column":0},"end":{"line":54,"column":22}},"54":{"start":{"line":55,"column":0},"end":{"line":55,"column":3}},"55":{"start":{"line":56,"column":0},"end":{"line":56,"column":3}},"56":{"start":{"line":57,"column":0},"end":{"line":57,"column":0}},"57":{"start":{"line":58,"column":0},"end":{"line":58,"column":63}},"58":{"start":{"line":59,"column":0},"end":{"line":59,"column":18}},"59":{"start":{"line":60,"column":0},"end":{"line":60,"column":44}},"60":{"start":{"line":61,"column":0},"end":{"line":61,"column":37}},"61":{"start":{"line":62,"column":0},"end":{"line":62,"column":3}},"62":{"start":{"line":63,"column":0},"end":{"line":63,"column":12}},"63":{"start":{"line":64,"column":0},"end":{"line":64,"column":0}},"64":{"start":{"line":65,"column":0},"end":{"line":65,"column":9}},"65":{"start":{"line":66,"column":0},"end":{"line":66,"column":132}},"66":{"start":{"line":67,"column":0},"end":{"line":67,"column":14}},"67":{"start":{"line":68,"column":0},"end":{"line":68,"column":36}},"68":{"start":{"line":69,"column":0},"end":{"line":69,"column":34}},"69":{"start":{"line":70,"column":0},"end":{"line":70,"column":34}},"70":{"start":{"line":71,"column":0},"end":{"line":71,"column":117}},"71":{"start":{"line":72,"column":0},"end":{"line":72,"column":4}},"72":{"start":{"line":73,"column":0},"end":{"line":73,"column":131}},"73":{"start":{"line":74,"column":0},"end":{"line":74,"column":25}},"74":{"start":{"line":75,"column":0},"end":{"line":75,"column":9}},"75":{"start":{"line":76,"column":0},"end":{"line":76,"column":110}},"76":{"start":{"line":77,"column":0},"end":{"line":77,"column":0}},"77":{"start":{"line":78,"column":0},"end":{"line":78,"column":56}},"78":{"start":{"line":79,"column":0},"end":{"line":79,"column":43}},"79":{"start":{"line":80,"column":0},"end":{"line":80,"column":35}},"80":{"start":{"line":81,"column":0},"end":{"line":81,"column":13}},"81":{"start":{"line":82,"column":0},"end":{"line":82,"column":19}},"82":{"start":{"line":83,"column":0},"end":{"line":83,"column":53}},"83":{"start":{"line":84,"column":0},"end":{"line":84,"column":19}},"84":{"start":{"line":85,"column":0},"end":{"line":85,"column":21}},"85":{"start":{"line":86,"column":0},"end":{"line":86,"column":21}},"86":{"start":{"line":87,"column":0},"end":{"line":87,"column":61}},"87":{"start":{"line":88,"column":0},"end":{"line":88,"column":50}},"88":{"start":{"line":89,"column":0},"end":{"line":89,"column":160}},"89":{"start":{"line":90,"column":0},"end":{"line":90,"column":9}},"90":{"start":{"line":91,"column":0},"end":{"line":91,"column":9}},"91":{"start":{"line":92,"column":0},"end":{"line":92,"column":11}},"92":{"start":{"line":93,"column":0},"end":{"line":93,"column":74}},"93":{"start":{"line":94,"column":0},"end":{"line":94,"column":19}},"94":{"start":{"line":95,"column":0},"end":{"line":95,"column":34}},"95":{"start":{"line":96,"column":0},"end":{"line":96,"column":32}},"96":{"start":{"line":97,"column":0},"end":{"line":97,"column":19}},"97":{"start":{"line":98,"column":0},"end":{"line":98,"column":58}},"98":{"start":{"line":99,"column":0},"end":{"line":99,"column":255}},"99":{"start":{"line":100,"column":0},"end":{"line":100,"column":6}},"100":{"start":{"line":101,"column":0},"end":{"line":101,"column":51}},"101":{"start":{"line":102,"column":0},"end":{"line":102,"column":21}},"102":{"start":{"line":103,"column":0},"end":{"line":103,"column":11}},"103":{"start":{"line":104,"column":0},"end":{"line":104,"column":16}},"104":{"start":{"line":105,"column":0},"end":{"line":105,"column":8}},"105":{"start":{"line":106,"column":0},"end":{"line":106,"column":3}},"106":{"start":{"line":107,"column":0},"end":{"line":107,"column":2}},"107":{"start":{"line":108,"column":0},"end":{"line":108,"column":37}}},"s":{"0":0,"1":0,"2":0,"3":0,"4":0,"5":0,"6":0,"7":0,"8":0,"9":0,"10":0,"11":0,"12":0,"13":0,"14":0,"15":0,"16":0,"17":0,"18":0,"19":0,"20":0,"21":0,"22":0,"23":0,"24":0,"25":0,"26":0,"27":0,"28":0,"29":0,"30":0,"31":0,"32":0,"33":0,"34":0,"35":0,"36":0,"37":0,"38":0,"39":0,"40":0,"41":0,"42":0,"43":0,"44":0,"45":0,"46":0,"47":0,"48":0,"49":0,"50":0,"51":0,"52":0,"53":0,"54":0,"55":0,"56":0,"57":0,"58":0,"59":0,"60":0,"61":0,"62":0,"63":0,"64":0,"65":0,"66":0,"67":0,"68":0,"69":0,"70":0,"71":0,"72":0,"73":0,"74":0,"75":0,"76":0,"77":0,"78":0,"79":0,"80":0,"81":0,"82":0,"83":0,"84":0,"85":0,"86":0,"87":0,"88":0,"89":0,"90":0,"91":0,"92":0,"93":0,"94":0,"95":0,"96":0,"97":0,"98":0,"99":0,"100":0,"101":0,"102":0,"103":0,"104":0,"105":0,"106":0,"107":0},"branchMap":{"0":{"type":"branch","line":1,"loc":{"start":{"line":1,"column":0},"end":{"line":108,"column":37}},"locations":[{"start":{"line":1,"column":0},"end":{"line":108,"column":37}}]}},"b":{"0":[0]},"fnMap":{"0":{"name":"(empty-report)","decl":{"start":{"line":1,"column":0},"end":{"line":108,"column":37}},"loc":{"start":{"line":1,"column":0},"end":{"line":108,"column":37}},"line":1}},"f":{"0":0}}
,"C:\\Users\\fusro\\OneDrive - EPHEC asbl\\Documents\\EPHEC\\BAC 2\\DEV 3\\Projet LAN\\web_frontend\\src\\pages\\ForgotPasswordPage.jsx": {"path":"C:\\Users\\fusro\\OneDrive - EPHEC asbl\\Documents\\EPHEC\\BAC 2\\DEV 3\\Projet LAN\\web_frontend\\src\\pages\\ForgotPasswordPage.jsx","all":true,"statementMap":{"0":{"start":{"line":1,"column":0},"end":{"line":1,"column":39}},"1":{"start":{"line":2,"column":0},"end":{"line":2,"column":33}},"2":{"start":{"line":3,"column":0},"end":{"line":3,"column":55}},"3":{"start":{"line":4,"column":0},"end":{"line":4,"column":40}},"4":{"start":{"line":5,"column":0},"end":{"line":5,"column":0}},"5":{"start":{"line":6,"column":0},"end":{"line":6,"column":50}},"6":{"start":{"line":7,"column":0},"end":{"line":7,"column":40}},"7":{"start":{"line":8,"column":0},"end":{"line":8,"column":0}},"8":{"start":{"line":9,"column":0},"end":{"line":9,"column":0}},"9":{"start":{"line":10,"column":0},"end":{"line":10,"column":34}},"10":{"start":{"line":11,"column":0},"end":{"line":11,"column":40}},"11":{"start":{"line":12,"column":0},"end":{"line":12,"column":55}},"12":{"start":{"line":13,"column":0},"end":{"line":13,"column":0}},"13":{"start":{"line":14,"column":0},"end":{"line":14,"column":54}},"14":{"start":{"line":15,"column":0},"end":{"line":15,"column":0}},"15":{"start":{"line":16,"column":0},"end":{"line":16,"column":36}},"16":{"start":{"line":17,"column":0},"end":{"line":17,"column":21}},"17":{"start":{"line":18,"column":0},"end":{"line":18,"column":30}},"18":{"start":{"line":19,"column":0},"end":{"line":19,"column":23}},"19":{"start":{"line":20,"column":0},"end":{"line":20,"column":3}},"20":{"start":{"line":21,"column":0},"end":{"line":21,"column":0}},"21":{"start":{"line":22,"column":0},"end":{"line":22,"column":9}},"22":{"start":{"line":23,"column":0},"end":{"line":23,"column":13}},"23":{"start":{"line":24,"column":0},"end":{"line":24,"column":34}},"24":{"start":{"line":25,"column":0},"end":{"line":25,"column":33}},"25":{"start":{"line":26,"column":0},"end":{"line":26,"column":33}},"26":{"start":{"line":27,"column":0},"end":{"line":27,"column":127}},"27":{"start":{"line":28,"column":0},"end":{"line":28,"column":3}},"28":{"start":{"line":29,"column":0},"end":{"line":29,"column":24}},"29":{"start":{"line":30,"column":0},"end":{"line":30,"column":131}},"30":{"start":{"line":31,"column":0},"end":{"line":31,"column":24}},"31":{"start":{"line":32,"column":0},"end":{"line":32,"column":9}},"32":{"start":{"line":33,"column":0},"end":{"line":33,"column":0}},"33":{"start":{"line":34,"column":0},"end":{"line":34,"column":21}},"34":{"start":{"line":35,"column":0},"end":{"line":35,"column":35}},"35":{"start":{"line":36,"column":0},"end":{"line":36,"column":52}},"36":{"start":{"line":37,"column":0},"end":{"line":37,"column":120}},"37":{"start":{"line":38,"column":0},"end":{"line":38,"column":28}},"38":{"start":{"line":39,"column":0},"end":{"line":39,"column":12}},"39":{"start":{"line":40,"column":0},"end":{"line":40,"column":18}},"40":{"start":{"line":41,"column":0},"end":{"line":41,"column":19}},"41":{"start":{"line":42,"column":0},"end":{"line":42,"column":34}},"42":{"start
[...]
line":37,"column":100}},"locations":[{"start":{"line":37,"column":45},"end":{"line":37,"column":100}}]},"28":{"type":"branch","line":41,"loc":{"start":{"line":41,"column":26},"end":{"line":41,"column":37}},"locations":[{"start":{"line":41,"column":26},"end":{"line":41,"column":37}}]},"29":{"type":"branch","line":41,"loc":{"start":{"line":41,"column":38},"end":{"line":41,"column":56}},"locations":[{"start":{"line":41,"column":38},"end":{"line":41,"column":56}}]},"30":{"type":"branch","line":41,"loc":{"start":{"line":41,"column":58},"end":{"line":51,"column":3}},"locations":[{"start":{"line":41,"column":58},"end":{"line":51,"column":3}}]},"31":{"type":"branch","line":42,"loc":{"start":{"line":42,"column":38},"end":{"line":42,"column":93}},"locations":[{"start":{"line":42,"column":38},"end":{"line":42,"column":93}}]},"32":{"type":"branch","line":43,"loc":{"start":{"line":43,"column":-2},"end":{"line":50,"column":44}},"locations":[{"start":{"line":43,"column":-2},"end":{"line":50,"column":44}}]},"33":{"type":"branch","line":43,"loc":{"start":{"line":43,"column":33},"end":{"line":43,"column":59}},"locations":[{"start":{"line":43,"column":33},"end":{"line":43,"column":59}}]},"34":{"type":"branch","line":43,"loc":{"start":{"line":43,"column":61},"end":{"line":43,"column":143}},"locations":[{"start":{"line":43,"column":61},"end":{"line":43,"column":143}}]},"35":{"type":"branch","line":44,"loc":{"start":{"line":44,"column":-2},"end":{"line":50,"column":44}},"locations":[{"start":{"line":44,"column":-2},"end":{"line":50,"column":44}}]},"36":{"type":"branch","line":44,"loc":{"start":{"line":44,"column":34},"end":{"line":44,"column":102}},"locations":[{"start":{"line":44,"column":34},"end":{"line":44,"column":102}}]},"37":{"type":"branch","line":45,"loc":{"start":{"line":45,"column":-2},"end":{"line":50,"column":44}},"locations":[{"start":{"line":45,"column":-2},"end":{"line":50,"column":44}}]},"38":{"type":"branch","line":45,"loc":{"start":{"line":45,"column":35},"end":{"line":45,"column":102}},"locations":[{"start":{"line":45,"column":35},"end":{"line":45,"column":102}}]},"39":{"type":"branch","line":46,"loc":{"start":{"line":46,"column":-2},"end":{"line":50,"column":44}},"locations":[{"start":{"line":46,"column":-2},"end":{"line":50,"column":44}}]},"40":{"type":"branch","line":46,"loc":{"start":{"line":46,"column":38},"end":{"line":46,"column":107}},"locations":[{"start":{"line":46,"column":38},"end":{"line":46,"column":107}}]},"41":{"type":"branch","line":47,"loc":{"start":{"line":47,"column":-2},"end":{"line":50,"column":44}},"locations":[{"start":{"line":47,"column":-2},"end":{"line":50,"column":44}}]},"42":{"type":"branch","line":47,"loc":{"start":{"line":47,"column":38},"end":{"line":47,"column":104}},"locations":[{"start":{"line":47,"column":38},"end":{"line":47,"column":104}}]},"43":{"type":"branch","line":48,"loc":{"start":{"line":48,"column":-2},"end":{"line":50,"column":44}},"locations":[{"start":{"line":48,"column":-2},"end":{"line":50,"column":44}}]},"44":{"type":"branch","line":48,"loc":{"start":{"line":48,"column":45},"end":{"line":48,"column":121}},"locations":[{"start":{"line":48,"column":45},"end":{"line":48,"column":121}}]},"45":{"type":"branch","line":49,"loc":{"start":{"line":49,"column":-2},"end":{"line":50,"column":44}},"locations":[{"start":{"line":49,"column":-2},"end":{"line":50,"column":44}}]},"46":{"type":"branch","line":49,"loc":{"start":{"line":49,"column":37},"end":{"line":49,"column":100}},"locations":[{"start":{"line":49,"column":37},"end":{"line":49,"column":100}}]},"47":{"type":"branch","line":50,"loc":{"start":{"line":50,"column":-2},"end":{"line":50,"column":44}},"locations":[{"start":{"line":50,"column":-2},"end":{"line":50,"column":44}}]}},"b":{"0":[82],"1":[81],"2":[19],"3":[1],"4":[18],"5":[6],"6":[12],"7":[81],"8":[18],"9":[1],"10":[17],"11":[6],"12":[11],"13":[81],"14":[18],"15":[15],"16":[3],"17":[15],"18":[0],"19":[7],"20":[8],"21":[0],"22":[0],"23":[1],"24":[0],"25":[0],"26":[1],"27":[0],"28":[17],"29":[16],"30":[16],"31":[2],"32":[14],"33":[13],"34":[2],"35":[12],"36":[2],"37":[10],"38":[1],"39":[9],"40":[1],"41":[8],"42":[1],"43":[7],"44":[1],"45":[6],"46":[1],"47":[5]},"fnMap":{"0":{"name":"validateProfileUpdate","decl":{"start":{"line":1,"column":37},"end":{"line":54,"column":2}},"loc":{"start":{"line":1,"column":37},"end":{"line":54,"column":2}},"line":1}},"f":{"0":82}}
,"C:\\Users\\fusro\\OneDrive - EPHEC asbl\\Documents\\EPHEC\\BAC 2\\DEV 3\\Projet LAN\\web_frontend\\src\\utils\\validation\\validationLogin.js": {"path":"C:\\Users\\fusro\\OneDrive - EPHEC asbl\\Documents\\EPHEC\\BAC 2\\DEV 3\\Projet LAN\\web_frontend\\src\\utils\\validation\\validationLogin.js","all":false,"statementMap":{"0":{"start":{"line":1,"column":0},"end":{"line":1,"column":52}},"1":{"start":{"line":2,"column":0},"end":{"line":2,"column":22}},"2":{"start":{"line":3,"column":0},"end":{"line":3,"column":0}},"3":{"start":{"line":4,"column":0},"end":{"line":4,"column":27}},"4":{"start":{"line":5,"column":0},"end":{"line":5,"column":38}},"5":{"start":{"line":6,"column":0},"end":{"line":6,"column":44}},"6":{"start":{"line":7,"column":0},"end":{"line":7,"column":0}},"7":{"start":{"line":8,"column":0},"end":{"line":8,"column":35}},"8":{"start":{"line":9,"column":0},"end":{"line":9,"column":44}},"9":{"start":{"line":10,"column":0},"end":{"line":10,"column":59}},"10":{"start":{"line":11,"column":0},"end":{"line":11,"column":22}},"11":{"start":{"line":12,"column":0},"end":{"line":12,"column":5}},"12":{"start":{"line":13,"column":0},"end":{"line":13,"column":0}},"13":{"start":{"line":14,"column":0},"end":{"line":14,"column":25}},"14":{"start":{"line":15,"column":0},"end":{"line":15,"column":52}},"15":{"start":{"line":16,"column":0},"end":{"line":16,"column":41}},"16":{"start":{"line":17,"column":0},"end":{"line":17,"column":66}},"17":{"start":{"line":18,"column":0},"end":{"line":18,"column":5}},"18":{"start":{"line":19,"column":0},"end":{"line":19,"column":0}},"19":{"start":{"line":20,"column":0},"end":{"line":20,"column":0}},"20":{"start":{"line":21,"column":0},"end":{"line":21,"column":18}},"21":{"start":{"line":22,"column":0},"end":{"line":22,"column":1}}},"s":{"0":1,"1":5,"2":5,"3":5,"4":5,"5":5,"6":5,"7":5,"8":5,"9":2,"10":2,"11":2,"12":3,"13":3,"14":3,"15":5,"16":1,"17":1,"18":3,"19":3,"20":3,"21":3},"branchMap":{"0":{"type":"branch","line":1,"loc":{"start":{"line":1,"column":7},"end":{"line":22,"column":1}},"locations":[{"start":{"line":1,"column":7},"end":{"line":22,"column":1}}]},"1":{"type":"branch","line":9,"loc":{"start":{"line":9,"column":22},"end":{"line":9,"column":41}},"locations":[{"start":{"line":9,"column":22},"end":{"line":9,"column":41}}]},"2":{"type":"branch","line":9,"loc":{"start":{"line":9,"column":43},"end":{"line":12,"column":5}},"locations":[{"start":{"line":9,"column":43},"end":{"line":12,"column":5}}]},"3":{"type":"branch","line":12,"loc":{"start":{"line":12,"column":4},"end":{"line":16,"column":40}},"locations":[{"start":{"line":12,"column":4},"end":{"line":16,"column":40}}]},"4":{"type":"branch","line":16,"loc":{"start":{"line":16,"column":40},"end":{"line":18,"column":5}},"locations":[{"start":{"line":16,"column":40},"end":{"line":18,"column":5}}]},"5":{"type":"branch","line":18,"loc":{"start":{"line":18,"column":4},"end":{"line":22,"column":1}},"locations":[{"start":{"line":18,"column":4},"end":{"line":22,"column":1}}]}},"b":{"0":[5],"1":[4],"2":[2],"3":[3],"4":[1],"5":[3]},"fnMap":{"0":{"name":"validateLogin","decl":{"start":{"line":1,"column":7},"end":{"line":22,"column":1}},"loc":{"start":{"line":1,"column":7},"end":{"line":22,"column":1}},"line":1}},"f":{"0":5}}
,"C:\\Users\\fusro\\OneDrive - EPHEC asbl\\Documents\\EPHEC\\BAC 2\\DEV 3\\Projet LAN\\web_frontend\\src\\utils\\validation\\validationSignUp.js": {"path":"C:\\Users\\fusro\\OneDrive - EPHEC asbl\\Documents\\EPHEC\\BAC 2\\DEV 3\\Projet LAN\\web_frontend\\src\\utils\\validation\\validationSignUp.js","all":false,"statementMap":{"0":{"start":{"line":1,"column":0},"end":{"line":1,"column":93}},"1":{"start":{"line":2,"column":0},"end":{"line":2,"column":22}},"2":{"start":{"line":3,"column":0},"end":{"line":3,"column":0}},"3":{"start":{"line":4,"column":0},"end":{"line":4,"column":75}},"4":{"start":{"line":5,"column":0},"end":{"line":5,"column":39}},"5":{"start":{"line":6,"column":0},"end":{"line":6,"column":39}},"6":{"start":{"line":7,"column":0},"end":{"line":7,"column":41}},"7":{"start":{"line":8,"column":0},"end":{"line":8,"column":39}},"8":{"start":{"line":9,"column":0},"end":{"line":9,"column":37}},"9":{"start":{"line":10,"column":0},"end":{"line":10,"column":106}},"10":{"start":{"line":11,"column":0},"end":{"line":11,"column":97}},"11":{"start":{"line":12,"column":0},"end":{"line":12,"column":0}},"12":{"start":{"line":13,"column":0},"end":{"line":13,"column":35}},"13":{"start":{"line":14,"column":0},"end":{"line":14,"column":135}},"14":{"start":{"line":15,"column":0},"end":{"line":15,"column":59}},"15":{"start":{"line":16,"column":0},"end":{"line":16,"column":22}},"16":{"start":{"line":17,"column":0},"end":{"line":17,"column":5}},"17":{"start":{"line":18,"column":0},"end":{"line":18,"column":0}},"18":{"start":{"line":19,"column":0},"end":{"line":19,"column":19}},"19":{"start":{"line":20,"column":0},"end":{"line":20,"column":34}},"20":{"start":{"line":21,"column":0},"end":{"line":21,"column":68}},"21":{"start":{"line":22,"column":0},"end":{"line":22,"column":5}},"22":{"start":{"line":23,"column":0},"end":{"line":23,"column":34}},"23":{"start":{"line":24,"column":0},"end":{"line":24,"column":71}},"24":{"start":{"line":25,"column":0},"end":{"line":25,"column":5}},"25":{"start":{"line":26,"column":0},"end":{"line":26,"column":0}},"26":{"start":{"line":27,"column":0},"end":{"line":27,"column":13}},"27":{"start":{"line":28,"column":0},"end":{"line":28,"column":64}},"28":{"start":{"line":29,"column":0},"end":{"line":29,"column":75}},"29":{"start":{"line":30,"column":0},"end":{"line":30,"column":45}},"30":{"start":{"line":31,"column":0},"end":{"line":31,"column":84}},"31":{"start":{"line":32,"column":0},"end":{"line":32,"column":54}},"32":{"start":{"line":33,"column":0},"end":{"line":33,"column":98}},"33":{"start":{"line":34,"column":0},"end":{"line":34,"column":5}},"34":{"start":{"line":35,"column":0},"end":{"line":35,"column":0}},"35":{"start":{"line":36,"column":0},"end":{"line":36,"column":12}},"36":{"start":{"line":37,"column":0},"end":{"line":37,"column":52}},"37":{"start":{"line":38,"column":0},"end":{"line":38,"column":41}},"38":{"start":{"line":39,"column":0},"end":{"line":39,"column":66}},"39":{"start":{"line":40,"column":0},"end":{"line":40,"column":5}},"40":{"start":{"line":41,"column":0},"end":{"line":41,"column":0}},"41":{"start":{"line":42,"column":0},"end":{"line":42,"column":19}},"42":{"start":{"line":43,"column":0},"end":{"line":43,"column":37}},"43":{"start":{"line":44,"column":0},"end":{"line":44,"column":80}},"44":{"start":{"line":45,"column":0},"end":{"line":45,"column":12}},"45":{"start":{"line":46,"column":0},"end":{"line":46,"column":45}},"46":{"start":{"line":47,"column":0},"end":{"line":47,"column":85}},"47":{"start":{"line":48,"column":0},"end":{"line":48,"column":9}},"48":{"start":{"line":49,"column":0},"end":{"line":49,"column":45}},"49":{"start":{"line":50,"column":0},"end":{"line":50,"column":82}},"50":{"start":{"line":51,"column":0},"end":{"line":51,"column":9}},"51":{"start":{"line":52,"column":0},"end":{"line":52,"column":52}},"52":{"start":{"line":53,"column":0},"end":{"line":53,"column":92}},"53":{"start":{"line":54,"column":0},"end":{"line":54,"column":9}},"54":{"start":{"line":55,"column":0},"end":{"line":55,"column":44}},"55":{"start":{"line":56,"column":0},"end":{"line":56,"column":80}},"56":{"start":{"line":57,"column":0},"end":{"line":57,"column":9}},"57":{"start":{"line":58,"column":0},"end":{"line":58,"column":42}},"58":{"start":{"line":59,"column":0},"end":{"line":59,"column":83}},"59":{"start":{"line":60,"column":0},"end":{"line":60,"column":9}},"60":{"start":{"line":61,"column":0},"end":{"line":61,"column":84}},"61":{"start":{"line":62,"column":0},"end":{"line":62,"column":99}},"62":{"start":{"line":63,"column":0},"end":{"line":63,"column":9}},"63":{"start":{"line":64,"column":0},"end":{"line":64,"column":5}},"64":{"start":{"line":65,"column":0},"end":{"line":65,"column":0}},"65":{"start":{"line":66,"column":0},"end":{"line":66,"column":18}},"66":{"start":{"line":67,"column":0},"end":{"line":67,"column":1}}},"s":{"0":1,"1":20,"2":20,"3":20,"4":20,"5":20,"6":20,"7":20,"8":20,"9":20,"10":20,"11":20,"12":20,"13":20,"14":3,"15":3,"16":3,"17":17,"18":17,"19":20,"20":1,"21":1,"22":20,"23":1,"24":1,"25":17,"26":17,"27":20,"28":2,"29":20,"30":1,"31":15,"32":1,"33":1,"34":17,"35":17,"36":17,"37":20,"38":1,"39":1,"40":17,"41":17,"42":20,"43":1,"44":20,"45":16,"46":3,"47":3,"48":16,"49":2,"50":2,"51":16,"52":1,"53":1,"54":16,"55":1,"56":1,"57":16,"58":1,"59":1,"60":16,"61":2,"62":2,"63":16,"64":17,"65":17,"66":17},"branchMap":{"0":{"type":"branch","line":1,"loc":{"start":{"line":1,"column":7},"end":{"line":67,"column":1}},"locations":[{"start":{"line":1,"column":7},"end":{"line":67,"column":1}}]},"1":{"type":"branch","line":10,"loc":{"start":{"line":10,"column":78},"end":{"line":10,"column":94}},"locations":[{"start":{"line":10,"column":78},"end":{"line":10,"column":94}}]},"2":{"type":"branch","line":10,"loc":{"start":{"line":10,"column":95},"end":{"line":10,"column":105}},"locations":[{"start":{"line":10,"column":95},"end":{"line":10,"column":105}}]},"3":{"type":"branch","line":11,"loc":{"start":{"line":11,"column":54},"end":{"line":11,"column":72}},"locations":[{"start":{"line":11,"column":54},"end":{"line":11,"column":72}}]},"4":{"type":"branch","line":11,"loc":{"start":{"line":11,"column":73},"end":{"line":11,"column":87}},"locations":[{"start":{"line":11,"column":73},"end":{"line":11,"column":87}}]},"5":{"type":"branch","line":14,"loc":{"start":{"line":14,"column":22},"end":{"line":14,"column":38}},"locations":[{"start":{"line":14,"column":22},"end":{"line":14,"column":38}}]},"6":{"type":"branch","line":14,"loc":{"start":{"line":14,"column":39},"end":{"line":14,"column":56}},"locations":[{"start":{"line":14,"column":39},"end":{"line":14,"column":56}}]},"7":{"type":"branch","line":14,"loc":{"start":{"line":14,"column":57},"end":{"line":14,"column":73}},"locations":[{"start":{"line":14,"column":57},"end":{"line":14,"column":73}}]},"8":{"type":"branch","line":14,"loc":{"start":{"line":14,"column":74},"end":{"line":14,"column":93}},"locations":[{"start":{"line":14,"column":74},"end":{"line":14,"column":93}}]},"9":{"type":"branch","line":14,"loc":{"start":{"line":14,"column":94},"end":{"line":14,"column":113}},"locations":[{"start":{"line":14,"column":94},"end":{"line":14,"column":113}}]},"10":{"type":"branch","line":14,"loc":{"start":{"line":14,"column":114},"end":{"line":14,"column":132}},"locations":[{"start":{"line":14,"column":114},"end":{"line":14,"column":132}}]},"11":{"type":"branch","line":14,"loc":{"start":{"line":14,"column":134},"end":{"line":17,"column":5}},"locations":[{"start":{"line":14,"column":134},"end":{"line":17,"column":5}}]},"12":{"type":"branch","line":17,"loc":{"start":{"line":17,"column":4},"end":{"line":20,"column":33}},"locations":[{"start":{"line":17,"column":4},"end":{"line":20,"column":33}}]},"13":{"type":"branch","line":20,"loc":{"start":{"line":20,"column":33},"end":{"line":22,"column":5}},"locations":[{"start":{"line":20,"column":33},"end":{"line":22,"column":5}}]},"14":{"type":"branch","line":22,"loc":{"start":{"line":22,"column":4},"end":{"line":23,"column":33}},"locations":[{"start":{"line":22,"column":4},"end":{"line":23,"column":33}}]},"15":{"type":"branch","line":23,"loc":{"start":{"line":23,"column":33},"end":{"line":25,"column":5}},"locations":[{"start":{"line":23,"column":33},"end":{"line":25,"column":5}}]},"16":{"type":"branch","line":25,"loc":{"start":{"line":25,"column":4},"end":{"line":28,"column":33}},"locations":[{"start":{"line":25,"column":4},"end":{"line":28,"column":33}}]},"17":{"type":"branch","line":28,"loc":{"start":{"line":28,"column":33},"end":{"line":28,"column":61}},"locations":[{"start":{"line":28,"column":33},"end":{"line":28,"column":61}}]},"18":{"type":"branch","line":28,"loc":{"start":{"line":28,"column":63},"end":{"line":30,"column":5}},"locations":[{"start":{"line":28,"column":63},"end":{"line":30,"column":5}}]},"19":{"type":"branch","line":30,"loc":{"start":{"line":30,"column":5},"end":{"line":34,"column":5}},"locations":[{"start":{"line":30,"column":5},"end":{"line":34,"column":5}}]},"20":{"type":"branch","line":30,"loc":{"start":{"line":30,"column":44},"end":{"line":32,"column":5}},"locations":[{"start":{"line":30,"column":44},"end":{"line":32,"column":5}}]},"21":{"type":"branch","line":32,"loc":{"start":{"line":32,"column":5},"end":{"line":34,"column":5}},"locations":[{"start":{"line":32,"column":5},"end":{"line":34,"column":5}}]},"22":{"type":"branch","line":32,"loc":{"start":{"line":32,"column":53},"end":{"line":34,"column":5}},"locations":[{"start":{"line":32,"column":53},"end":{"line":34,"column":5}}]},"23":{"type":"branch","line":34,"loc":{"start":{"line":34,"column":4},"end":{"line":38,"column":40}},"locations":[{"start":{"line":34,"column":4},"end":{"line":38,"column":40}}]},"24":{"type":"branch","line":38,"loc":{"start":{"line":38,"column":40},"end":{"line":40,"column":5}},"locations":[{"start":{"line":38,"column":40},"end":{"line":40,"column":5}}]},"25":{"type":"branch","line":40,"loc":{"start":{"line":40,"column":4},"end":{"line":43,"column":36}},"locations":[{"start":{"line":40,"column":4},"end":{"line":43,"column":36}}]},"26":{"type":"branch","line":43,"loc":{"start":{"line":43,"column":36},"end":{"line":45,"column":5}},"locations":[{"start":{"line":43,"column":36},"end":{"line":45,"column":5}}]},"27":{"type":"branch","line":45,"loc":{"start":{"line":45,"column":5},"end":{"line":64,"column":5}},"locations":[{"start":{"line":45,"column":5},"end":{"line":64,"column":5}}]},"28":{"type":"branch","line":46,"loc":{"start":{"line":46,"column":44},"end":{"line":48,"column":9}},"locations":[{"start":{"line":46,"column":44},"end":{"line":48,"column":9}}]},"29":{"type":"branch","line":49,"loc":{"start":{"line":49,"column":44},"end":{"line":51,"column":9}},"locations":[{"start":{"line":49,"column":44},"end":{"line":51,"column":9}}]},"30":{"type":"branch","line":52,"loc":{"start":{"line":52,"column":51},"end":{"line":54,"column":9}},"locations":[{"start":{"line":52,"column":51},"end":{"line":54,"column":9}}]},"31":{"type":"branch","line":55,"loc":{"start":{"line":55,"column":43},"end":{"line":57,"column":9}},"locations":[{"start":{"line":55,"column":43},"end":{"line":57,"column":9}}]},"32":{"type":"branch","line":58,"loc":{"start":{"line":58,"column":41},"end":{"line":60,"column":9}},"locations":[{"start":{"line":58,"column":41},"end":{"line":60,"column":9}}]},"33":{"type":"branch","line":61,"loc":{"start":{"line":61,"column":46},"end":{"line":61,"column":81}},"locations":[{"start":{"line":61,"column":46},"end":{"line":61,"column":81}}]},"34":{"type":"branch","line":61,"loc":{"start":{"line":61,"column":83},"end":{"line":63,"column":9}},"locations":[{"start":{"line":61,"column":83},"end":{"line":63,"column":9}}]},"35":{"type":"branch","line":64,"loc":{"start":{"line":64,"column":4},"end":{"line":67,"column":1}},"locations":[{"start":{"line":64,"column":4},"end":{"line":67,"column":1}}]}},"b":{"0":[20],"1":[18],"2":[2],"3":[0],"4":[0],"5":[19],"6":[19],"7":[19],"8":[19],"9":[19],"10":[18],"11":[3],"12":[17],"13":[1],"14":[17],"15":[1],"16":[17],"17":[16],"18":[2],"19":[15],"20":[1],"21":[14],"22":[1],"23":[17],"24":[1],"25":[17],"26":[1],"27":[16],"28":[3],"29":[2],"30":[1],"31":[1],"32":[1],"33":[15],"34":[2],"35":[17]},"fnMap":{"0":{"name":"validateSignup","decl":{"start":{"line":1,"column":7},"end":{"line":67,"column":1}},"loc":{"start":{"line":1,"column":7},"end":{"line":67,"column":1}},"line":1}},"f":{"0":20}}
}
